This is pdfTeX, Version 3.14159265-2.6-1.40.16 (TeX Live 2015) (preloaded format=pdflatex 2015.5.24)  13 JAN 2019 13:46
entering extended mode
 restricted \write18 enabled.
 %&-line parsing enabled.
**nur_dnp_oct13_transverseN2Delta.tex
(./nur_dnp_oct13_transverseN2Delta.tex
LaTeX2e <2015/01/01>
Babel <3.9l> and hyphenation patterns for 79 languages loaded.
(/usr/local/texlive/2015/texmf-dist/tex/latex/beamer/beamer.cls
(/usr/local/texlive/2015/texmf-dist/tex/latex/beamer/beamerbasercs.sty
Package: beamerbasercs 2015/03/08 (rcs-revision 368aa9ba9d38)
)
Document Class: beamer 2015/01/05 3.36 A class for typesetting presentations (r
cs-revision 8a39122e1f63)
(/usr/local/texlive/2015/texmf-dist/tex/latex/beamer/beamerbasemodes.sty
Package: beamerbasemodes 2013/09/03 (rcs-revision 768f2d98ca64)
\beamer@tempbox=\box26
\beamer@tempcount=\count79
\c@beamerpauses=\count80

(/usr/local/texlive/2015/texmf-dist/tex/latex/beamer/beamerbasedecode.sty
Package: beamerbasedecode 2010/05/01 (rcs-revision efa082c6111d)
\beamer@slideinframe=\count81
\beamer@minimum=\count82
)
\beamer@commentbox=\box27
\beamer@modecount=\count83
)
(/usr/local/texlive/2015/texmf-dist/tex/generic/oberdiek/ifpdf.sty
Package: ifpdf 2011/01/30 v2.3 Provides the ifpdf switch (HO)
Package ifpdf Info: pdfTeX in PDF mode is detected.
)
\headheight=\dimen102
\headdp=\dimen103
\footheight=\dimen104
\sidebarheight=\dimen105
\beamer@tempdim=\dimen106
\beamer@finalheight=\dimen107
\beamer@animht=\dimen108
\beamer@animdp=\dimen109
\beamer@animwd=\dimen110
\beamer@leftmargin=\dimen111
\beamer@rightmargin=\dimen112
\beamer@leftsidebar=\dimen113
\beamer@rightsidebar=\dimen114
\beamer@boxsize=\dimen115
\beamer@vboxoffset=\dimen116
\beamer@descdefault=\dimen117
\beamer@descriptionwidth=\dimen118
\beamer@lastskip=\skip41
\beamer@areabox=\box28
\beamer@animcurrent=\box29
\beamer@animshowbox=\box30
\beamer@sectionbox=\box31
\beamer@logobox=\box32
\beamer@linebox=\box33
\beamer@sectioncount=\count84
\beamer@subsubsectionmax=\count85
\beamer@subsectionmax=\count86
\beamer@sectionmax=\count87
\beamer@totalheads=\count88
\beamer@headcounter=\count89
\beamer@partstartpage=\count90
\beamer@sectionstartpage=\count91
\beamer@subsectionstartpage=\count92
\beamer@animationtempa=\count93
\beamer@animationtempb=\count94
\beamer@xpos=\count95
\beamer@ypos=\count96
\beamer@showpartnumber=\count97
\beamer@currentsubsection=\count98
\beamer@coveringdepth=\count99
\beamer@sectionadjust=\count100
\beamer@tocsectionnumber=\count101

(/usr/local/texlive/2015/texmf-dist/tex/latex/beamer/beamerbaseoptions.sty
Package: beamerbaseoptions 2013/03/10 (rcs-revision 47431932db0d)

(/usr/local/texlive/2015/texmf-dist/tex/latex/graphics/keyval.sty
Package: keyval 2014/10/28 v1.15 key=value parser (DPC)
\KV@toks@=\toks14
))
\beamer@paperwidth=\skip42
\beamer@paperheight=\skip43

(/usr/local/texlive/2015/texmf-dist/tex/latex/geometry/geometry.sty
Package: geometry 2010/09/12 v5.6 Page Geometry

(/usr/local/texlive/2015/texmf-dist/tex/generic/oberdiek/ifvtex.sty
Package: ifvtex 2010/03/01 v1.5 Detect VTeX and its facilities (HO)
Package ifvtex Info: VTeX not detected.
)
(/usr/local/texlive/2015/texmf-dist/tex/generic/ifxetex/ifxetex.sty
Package: ifxetex 2010/09/12 v0.6 Provides ifxetex conditional
)
\Gm@cnth=\count102
\Gm@cntv=\count103
\c@Gm@tempcnt=\count104
\Gm@bindingoffset=\dimen119
\Gm@wd@mp=\dimen120
\Gm@odd@mp=\dimen121
\Gm@even@mp=\dimen122
\Gm@layoutwidth=\dimen123
\Gm@layoutheight=\dimen124
\Gm@layouthoffset=\dimen125
\Gm@layoutvoffset=\dimen126
\Gm@dimlist=\toks15
)
(/usr/local/texlive/2015/texmf-dist/tex/latex/extsizes/size8.clo
File: size8.clo 1999/11/11 v1.4a NON-Standard LaTeX file (size option)
)
(/usr/local/texlive/2015/texmf-dist/tex/latex/pgf/basiclayer/pgfcore.sty
(/usr/local/texlive/2015/texmf-dist/tex/latex/graphics/graphicx.sty
Package: graphicx 2014/10/28 v1.0g Enhanced LaTeX Graphics (DPC,SPQR)

(/usr/local/texlive/2015/texmf-dist/tex/latex/graphics/graphics.sty
Package: graphics 2014/10/28 v1.0p Standard LaTeX Graphics (DPC,SPQR)

(/usr/local/texlive/2015/texmf-dist/tex/latex/graphics/trig.sty
Package: trig 1999/03/16 v1.09 sin cos tan (DPC)
)
(/usr/local/texlive/2015/texmf-dist/tex/latex/latexconfig/graphics.cfg
File: graphics.cfg 2010/04/23 v1.9 graphics configuration of TeX Live
)
Package graphics Info: Driver file: pdftex.def on input line 94.

(/usr/local/texlive/2015/texmf-dist/tex/latex/pdftex-def/pdftex.def
File: pdftex.def 2011/05/27 v0.06d Graphics/color for pdfTeX

(/usr/local/texlive/2015/texmf-dist/tex/generic/oberdiek/infwarerr.sty
Package: infwarerr 2010/04/08 v1.3 Providing info/warning/error messages (HO)
)
(/usr/local/texlive/2015/texmf-dist/tex/generic/oberdiek/ltxcmds.sty
Package: ltxcmds 2011/11/09 v1.22 LaTeX kernel commands for general use (HO)
)
\Gread@gobject=\count105
))
\Gin@req@height=\dimen127
\Gin@req@width=\dimen128
)
(/usr/local/texlive/2015/texmf-dist/tex/latex/pgf/systemlayer/pgfsys.sty
(/usr/local/texlive/2015/texmf-dist/tex/latex/pgf/utilities/pgfrcs.sty
(/usr/local/texlive/2015/texmf-dist/tex/generic/pgf/utilities/pgfutil-common.te
x
\pgfutil@everybye=\toks16
\pgfutil@tempdima=\dimen129
\pgfutil@tempdimb=\dimen130

(/usr/local/texlive/2015/texmf-dist/tex/generic/pgf/utilities/pgfutil-common-li
sts.tex))
(/usr/local/texlive/2015/texmf-dist/tex/generic/pgf/utilities/pgfutil-latex.def
\pgfutil@abb=\box34
(/usr/local/texlive/2015/texmf-dist/tex/latex/ms/everyshi.sty
Package: everyshi 2001/05/15 v3.00 EveryShipout Package (MS)
))
(/usr/local/texlive/2015/texmf-dist/tex/generic/pgf/utilities/pgfrcs.code.tex
Package: pgfrcs 2013/12/20 v3.0.0 (rcs-revision 1.28)
))
(/usr/local/texlive/2015/texmf-dist/tex/generic/pgf/systemlayer/pgfsys.code.tex
Package: pgfsys 2013/11/30 v3.0.0 (rcs-revision 1.47)
(/usr/local/texlive/2015/texmf-dist/tex/generic/pgf/utilities/pgfkeys.code.tex
\pgfkeys@pathtoks=\toks17
\pgfkeys@temptoks=\toks18

(/usr/local/texlive/2015/texmf-dist/tex/generic/pgf/utilities/pgfkeysfiltered.c
ode.tex
\pgfkeys@tmptoks=\toks19
))
\pgf@x=\dimen131
\pgf@y=\dimen132
\pgf@xa=\dimen133
\pgf@ya=\dimen134
\pgf@xb=\dimen135
\pgf@yb=\dimen136
\pgf@xc=\dimen137
\pgf@yc=\dimen138
\w@pgf@writea=\write3
\r@pgf@reada=\read1
\c@pgf@counta=\count106
\c@pgf@countb=\count107
\c@pgf@countc=\count108
\c@pgf@countd=\count109
\t@pgf@toka=\toks20
\t@pgf@tokb=\toks21
\t@pgf@tokc=\toks22

(/usr/local/texlive/2015/texmf-dist/tex/generic/pgf/systemlayer/pgf.cfg
File: pgf.cfg 2008/05/14  (rcs-revision 1.7)
)
Driver file for pgf: pgfsys-pdftex.def

(/usr/local/texlive/2015/texmf-dist/tex/generic/pgf/systemlayer/pgfsys-pdftex.d
ef
File: pgfsys-pdftex.def 2013/07/18  (rcs-revision 1.33)

(/usr/local/texlive/2015/texmf-dist/tex/generic/pgf/systemlayer/pgfsys-common-p
df.def
File: pgfsys-common-pdf.def 2013/10/10  (rcs-revision 1.13)
)))
(/usr/local/texlive/2015/texmf-dist/tex/generic/pgf/systemlayer/pgfsyssoftpath.
code.tex
File: pgfsyssoftpath.code.tex 2013/09/09  (rcs-revision 1.9)
\pgfsyssoftpath@smallbuffer@items=\count110
\pgfsyssoftpath@bigbuffer@items=\count111
)
(/usr/local/texlive/2015/texmf-dist/tex/generic/pgf/systemlayer/pgfsysprotocol.
code.tex
File: pgfsysprotocol.code.tex 2006/10/16  (rcs-revision 1.4)
)) (/usr/local/texlive/2015/texmf-dist/tex/latex/xcolor/xcolor.sty
Package: xcolor 2007/01/21 v2.11 LaTeX color extensions (UK)

(/usr/local/texlive/2015/texmf-dist/tex/latex/latexconfig/color.cfg
File: color.cfg 2007/01/18 v1.5 color configuration of teTeX/TeXLive
)
Package xcolor Info: Driver file: pdftex.def on input line 225.
Package xcolor Info: Model `cmy' substituted by `cmy0' on input line 1337.
Package xcolor Info: Model `hsb' substituted by `rgb' on input line 1341.
Package xcolor Info: Model `RGB' extended on input line 1353.
Package xcolor Info: Model `HTML' substituted by `rgb' on input line 1355.
Package xcolor Info: Model `Hsb' substituted by `hsb' on input line 1356.
Package xcolor Info: Model `tHsb' substituted by `hsb' on input line 1357.
Package xcolor Info: Model `HSB' substituted by `hsb' on input line 1358.
Package xcolor Info: Model `Gray' substituted by `gray' on input line 1359.
Package xcolor Info: Model `wave' substituted by `hsb' on input line 1360.

(/usr/local/texlive/2015/texmf-dist/tex/latex/xcolor/x11nam.def
File: x11nam.def 2007/01/21 v2.11 Predefined colors according to Unix/X11 (UK)
))
(/usr/local/texlive/2015/texmf-dist/tex/generic/pgf/basiclayer/pgfcore.code.tex
Package: pgfcore 2010/04/11 v3.0.0 (rcs-revision 1.7)
(/usr/local/texlive/2015/texmf-dist/tex/generic/pgf/math/pgfmath.code.tex
(/usr/local/texlive/2015/texmf-dist/tex/generic/pgf/math/pgfmathcalc.code.tex
(/usr/local/texlive/2015/texmf-dist/tex/generic/pgf/math/pgfmathutil.code.tex)
(/usr/local/texlive/2015/texmf-dist/tex/generic/pgf/math/pgfmathparser.code.tex
\pgfmath@dimen=\dimen139
\pgfmath@count=\count112
\pgfmath@box=\box35
\pgfmath@toks=\toks23
\pgfmath@stack@operand=\toks24
\pgfmath@stack@operation=\toks25
)
(/usr/local/texlive/2015/texmf-dist/tex/generic/pgf/math/pgfmathfunctions.code.
tex
(/usr/local/texlive/2015/texmf-dist/tex/generic/pgf/math/pgfmathfunctions.basic
.code.tex)
(/usr/local/texlive/2015/texmf-dist/tex/generic/pgf/math/pgfmathfunctions.trigo
nometric.code.tex)
(/usr/local/texlive/2015/texmf-dist/tex/generic/pgf/math/pgfmathfunctions.rando
m.code.tex)
(/usr/local/texlive/2015/texmf-dist/tex/generic/pgf/math/pgfmathfunctions.compa
rison.code.tex)
(/usr/local/texlive/2015/texmf-dist/tex/generic/pgf/math/pgfmathfunctions.base.
code.tex)
(/usr/local/texlive/2015/texmf-dist/tex/generic/pgf/math/pgfmathfunctions.round
.code.tex)
(/usr/local/texlive/2015/texmf-dist/tex/generic/pgf/math/pgfmathfunctions.misc.
code.tex)
(/usr/local/texlive/2015/texmf-dist/tex/generic/pgf/math/pgfmathfunctions.integ
erarithmetics.code.tex)))
(/usr/local/texlive/2015/texmf-dist/tex/generic/pgf/math/pgfmathfloat.code.tex
\c@pgfmathroundto@lastzeros=\count113
))
(/usr/local/texlive/2015/texmf-dist/tex/generic/pgf/basiclayer/pgfcorepoints.co
de.tex
File: pgfcorepoints.code.tex 2013/10/07  (rcs-revision 1.27)
\pgf@picminx=\dimen140
\pgf@picmaxx=\dimen141
\pgf@picminy=\dimen142
\pgf@picmaxy=\dimen143
\pgf@pathminx=\dimen144
\pgf@pathmaxx=\dimen145
\pgf@pathminy=\dimen146
\pgf@pathmaxy=\dimen147
\pgf@xx=\dimen148
\pgf@xy=\dimen149
\pgf@yx=\dimen150
\pgf@yy=\dimen151
\pgf@zx=\dimen152
\pgf@zy=\dimen153
)
(/usr/local/texlive/2015/texmf-dist/tex/generic/pgf/basiclayer/pgfcorepathconst
ruct.code.tex
File: pgfcorepathconstruct.code.tex 2013/10/07  (rcs-revision 1.29)
\pgf@path@lastx=\dimen154
\pgf@path@lasty=\dimen155
)
(/usr/local/texlive/2015/texmf-dist/tex/generic/pgf/basiclayer/pgfcorepathusage
.code.tex
File: pgfcorepathusage.code.tex 2013/12/13  (rcs-revision 1.23)
\pgf@shorten@end@additional=\dimen156
\pgf@shorten@start@additional=\dimen157
)
(/usr/local/texlive/2015/texmf-dist/tex/generic/pgf/basiclayer/pgfcorescopes.co
de.tex
File: pgfcorescopes.code.tex 2013/10/09  (rcs-revision 1.44)
\pgfpic=\box36
\pgf@hbox=\box37
\pgf@layerbox@main=\box38
\pgf@picture@serial@count=\count114
)
(/usr/local/texlive/2015/texmf-dist/tex/generic/pgf/basiclayer/pgfcoregraphicst
ate.code.tex
File: pgfcoregraphicstate.code.tex 2013/09/19  (rcs-revision 1.11)
\pgflinewidth=\dimen158
)
(/usr/local/texlive/2015/texmf-dist/tex/generic/pgf/basiclayer/pgfcoretransform
ations.code.tex
File: pgfcoretransformations.code.tex 2013/10/10  (rcs-revision 1.17)
\pgf@pt@x=\dimen159
\pgf@pt@y=\dimen160
\pgf@pt@temp=\dimen161
)
(/usr/local/texlive/2015/texmf-dist/tex/generic/pgf/basiclayer/pgfcorequick.cod
e.tex
File: pgfcorequick.code.tex 2008/10/09  (rcs-revision 1.3)
)
(/usr/local/texlive/2015/texmf-dist/tex/generic/pgf/basiclayer/pgfcoreobjects.c
ode.tex
File: pgfcoreobjects.code.tex 2006/10/11  (rcs-revision 1.2)
)
(/usr/local/texlive/2015/texmf-dist/tex/generic/pgf/basiclayer/pgfcorepathproce
ssing.code.tex
File: pgfcorepathprocessing.code.tex 2013/09/09  (rcs-revision 1.9)
)
(/usr/local/texlive/2015/texmf-dist/tex/generic/pgf/basiclayer/pgfcorearrows.co
de.tex
File: pgfcorearrows.code.tex 2013/11/07  (rcs-revision 1.40)
\pgfarrowsep=\dimen162
)
(/usr/local/texlive/2015/texmf-dist/tex/generic/pgf/basiclayer/pgfcoreshade.cod
e.tex
File: pgfcoreshade.code.tex 2013/07/15  (rcs-revision 1.15)
\pgf@max=\dimen163
\pgf@sys@shading@range@num=\count115
)
(/usr/local/texlive/2015/texmf-dist/tex/generic/pgf/basiclayer/pgfcoreimage.cod
e.tex
File: pgfcoreimage.code.tex 2013/07/15  (rcs-revision 1.18)

(/usr/local/texlive/2015/texmf-dist/tex/generic/pgf/basiclayer/pgfcoreexternal.
code.tex
File: pgfcoreexternal.code.tex 2013/07/15  (rcs-revision 1.20)
\pgfexternal@startupbox=\box39
))
(/usr/local/texlive/2015/texmf-dist/tex/generic/pgf/basiclayer/pgfcorelayers.co
de.tex
File: pgfcorelayers.code.tex 2013/07/18  (rcs-revision 1.7)
)
(/usr/local/texlive/2015/texmf-dist/tex/generic/pgf/basiclayer/pgfcoretranspare
ncy.code.tex
File: pgfcoretransparency.code.tex 2013/09/30  (rcs-revision 1.5)
)
(/usr/local/texlive/2015/texmf-dist/tex/generic/pgf/basiclayer/pgfcorepatterns.
code.tex
File: pgfcorepatterns.code.tex 2013/11/07  (rcs-revision 1.5)
)))
(/usr/local/texlive/2015/texmf-dist/tex/latex/pgf/utilities/xxcolor.sty
Package: xxcolor 2003/10/24 ver 0.1
\XC@nummixins=\count116
\XC@countmixins=\count117
)
(/usr/local/texlive/2015/texmf-dist/tex/generic/oberdiek/atbegshi.sty
Package: atbegshi 2011/10/05 v1.16 At begin shipout hook (HO)
)
(/usr/local/texlive/2015/texmf-dist/tex/latex/hyperref/hyperref.sty
Package: hyperref 2012/11/06 v6.83m Hypertext links for LaTeX

(/usr/local/texlive/2015/texmf-dist/tex/generic/oberdiek/hobsub-hyperref.sty
Package: hobsub-hyperref 2012/05/28 v1.13 Bundle oberdiek, subset hyperref (HO)


(/usr/local/texlive/2015/texmf-dist/tex/generic/oberdiek/hobsub-generic.sty
Package: hobsub-generic 2012/05/28 v1.13 Bundle oberdiek, subset generic (HO)
Package: hobsub 2012/05/28 v1.13 Construct package bundles (HO)
Package hobsub Info: Skipping package `infwarerr' (already loaded).
Package hobsub Info: Skipping package `ltxcmds' (already loaded).
Package: ifluatex 2010/03/01 v1.3 Provides the ifluatex switch (HO)
Package ifluatex Info: LuaTeX not detected.
Package hobsub Info: Skipping package `ifvtex' (already loaded).
Package: intcalc 2007/09/27 v1.1 Expandable calculations with integers (HO)
Package hobsub Info: Skipping package `ifpdf' (already loaded).
Package: etexcmds 2011/02/16 v1.5 Avoid name clashes with e-TeX commands (HO)
Package etexcmds Info: Could not find \expanded.
(etexcmds)             That can mean that you are not using pdfTeX 1.50 or
(etexcmds)             that some package has redefined \expanded.
(etexcmds)             In the latter case, load this package earlier.
Package: kvsetkeys 2012/04/25 v1.16 Key value parser (HO)
Package: kvdefinekeys 2011/04/07 v1.3 Define keys (HO)
Package: pdftexcmds 2011/11/29 v0.20 Utility functions of pdfTeX for LuaTeX (HO
)
Package pdftexcmds Info: LuaTeX not detected.
Package pdftexcmds Info: \pdf@primitive is available.
Package pdftexcmds Info: \pdf@ifprimitive is available.
Package pdftexcmds Info: \pdfdraftmode found.
Package: pdfescape 2011/11/25 v1.13 Implements pdfTeX's escape features (HO)
Package: bigintcalc 2012/04/08 v1.3 Expandable calculations on big integers (HO
)
Package: bitset 2011/01/30 v1.1 Handle bit-vector datatype (HO)
Package: uniquecounter 2011/01/30 v1.2 Provide unlimited unique counter (HO)
)
Package hobsub Info: Skipping package `hobsub' (already loaded).
Package: letltxmacro 2010/09/02 v1.4 Let assignment for LaTeX macros (HO)
Package: hopatch 2012/05/28 v1.2 Wrapper for package hooks (HO)
Package: xcolor-patch 2011/01/30 xcolor patch
Package: atveryend 2011/06/30 v1.8 Hooks at the very end of document (HO)
Package atveryend Info: \enddocument detected (standard20110627).
Package hobsub Info: Skipping package `atbegshi' (already loaded).
Package: refcount 2011/10/16 v3.4 Data extraction from label references (HO)
Package: hycolor 2011/01/30 v1.7 Color options for hyperref/bookmark (HO)
)
(/usr/local/texlive/2015/texmf-dist/tex/latex/oberdiek/auxhook.sty
Package: auxhook 2011/03/04 v1.3 Hooks for auxiliary files (HO)
)
(/usr/local/texlive/2015/texmf-dist/tex/latex/oberdiek/kvoptions.sty
Package: kvoptions 2011/06/30 v3.11 Key value format for package options (HO)
)
\@linkdim=\dimen164
\Hy@linkcounter=\count118
\Hy@pagecounter=\count119

(/usr/local/texlive/2015/texmf-dist/tex/latex/hyperref/pd1enc.def
File: pd1enc.def 2012/11/06 v6.83m Hyperref: PDFDocEncoding definition (HO)
)
\Hy@SavedSpaceFactor=\count120

(/usr/local/texlive/2015/texmf-dist/tex/latex/latexconfig/hyperref.cfg
File: hyperref.cfg 2002/06/06 v1.2 hyperref configuration of TeXLive
)
Package hyperref Info: Option `bookmarks' set `true' on input line 4319.
Package hyperref Info: Option `bookmarksopen' set `true' on input line 4319.
Package hyperref Info: Option `implicit' set `false' on input line 4319.
Package hyperref Info: Hyper figures OFF on input line 4443.
Package hyperref Info: Link nesting OFF on input line 4448.
Package hyperref Info: Hyper index ON on input line 4451.
Package hyperref Info: Plain pages OFF on input line 4458.
Package hyperref Info: Backreferencing OFF on input line 4463.
Package hyperref Info: Implicit mode OFF; no redefinition of LaTeX internals.
Package hyperref Info: Bookmarks ON on input line 4688.
\c@Hy@tempcnt=\count121

(/usr/local/texlive/2015/texmf-dist/tex/latex/url/url.sty
\Urlmuskip=\muskip10
Package: url 2013/09/16  ver 3.4  Verb mode for urls, etc.
)
LaTeX Info: Redefining \url on input line 5041.
\XeTeXLinkMargin=\dimen165
\Fld@menulength=\count122
\Field@Width=\dimen166
\Fld@charsize=\dimen167
Package hyperref Info: Hyper figures OFF on input line 6295.
Package hyperref Info: Link nesting OFF on input line 6300.
Package hyperref Info: Hyper index ON on input line 6303.
Package hyperref Info: backreferencing OFF on input line 6310.
Package hyperref Info: Link coloring OFF on input line 6315.
Package hyperref Info: Link coloring with OCG OFF on input line 6320.
Package hyperref Info: PDF/A mode OFF on input line 6325.
LaTeX Info: Redefining \ref on input line 6365.
LaTeX Info: Redefining \pageref on input line 6369.
\Hy@abspage=\count123


Package hyperref Message: Stopped early.

)

Package hyperref Message: Driver (autodetected): hpdftex.

(/usr/local/texlive/2015/texmf-dist/tex/latex/hyperref/hpdftex.def
File: hpdftex.def 2012/11/06 v6.83m Hyperref driver for pdfTeX
\Fld@listcount=\count124
\c@bookmark@seq@number=\count125

(/usr/local/texlive/2015/texmf-dist/tex/latex/oberdiek/rerunfilecheck.sty
Package: rerunfilecheck 2011/04/15 v1.7 Rerun checks for auxiliary files (HO)
Package uniquecounter Info: New unique counter `rerunfilecheck' on input line 2
82.
))
(/usr/local/texlive/2015/texmf-dist/tex/latex/beamer/beamerbaserequires.sty
Package: beamerbaserequires 2010/05/01  (rcs-revision efa082c6111d)

(/usr/local/texlive/2015/texmf-dist/tex/latex/beamer/beamerbasecompatibility.st
y
Package: beamerbasecompatibility 2012/05/01  (rcs-revision 67c48b3b652d)
) (/usr/local/texlive/2015/texmf-dist/tex/latex/beamer/beamerbasefont.sty
Package: beamerbasefont 2015/01/05  (rcs-revision b4b4bee242e2)

(/usr/local/texlive/2015/texmf-dist/tex/latex/amsfonts/amssymb.sty
Package: amssymb 2013/01/14 v3.01 AMS font symbols

(/usr/local/texlive/2015/texmf-dist/tex/latex/amsfonts/amsfonts.sty
Package: amsfonts 2013/01/14 v3.01 Basic AMSFonts support
\@emptytoks=\toks26
\symAMSa=\mathgroup4
\symAMSb=\mathgroup5
LaTeX Font Info:    Overwriting math alphabet `\mathfrak' in version `bold'
(Font)                  U/euf/m/n --> U/euf/b/n on input line 106.
))
(/usr/local/texlive/2015/texmf-dist/tex/latex/sansmathaccent/sansmathaccent.sty
Package: sansmathaccent 2013/03/28
(/usr/local/texlive/2015/texmf-dist/tex/latex/filehook/filehook.sty
Package: filehook 2011/10/12 v0.5d Hooks for input files
)))
(/usr/local/texlive/2015/texmf-dist/tex/latex/beamer/beamerbasetranslator.sty
Package: beamerbasetranslator 2010/06/11  (rcs-revision 85fd1cc7fc42)

(/usr/local/texlive/2015/texmf-dist/tex/latex/beamer/translator/translator.sty
Package: translator 2010/06/12 ver 1.10

(/usr/local/texlive/2015/texmf-dist/tex/latex/beamer/translator/translator-lang
uage-mappings.tex)))
(/usr/local/texlive/2015/texmf-dist/tex/latex/beamer/beamerbasemisc.sty
Package: beamerbasemisc 2013/09/03  (rcs-revision a55719c41d85)
)
(/usr/local/texlive/2015/texmf-dist/tex/latex/beamer/beamerbasetwoscreens.sty
Package: beamerbasetwoscreens 2010/05/01  (rcs-revision efa082c6111d)
)
(/usr/local/texlive/2015/texmf-dist/tex/latex/beamer/beamerbaseoverlay.sty
Package: beamerbaseoverlay 2013/12/25  (rcs-revision f6bd5e3805da)
\beamer@argscount=\count126
\beamer@lastskipcover=\skip44
\beamer@trivlistdepth=\count127
)
(/usr/local/texlive/2015/texmf-dist/tex/latex/beamer/beamerbasetitle.sty
Package: beamerbasetitle 2010/09/21  (rcs-revision f0446ed0b6ae)
)
(/usr/local/texlive/2015/texmf-dist/tex/latex/beamer/beamerbasesection.sty
Package: beamerbasesection 2013/06/07  (rcs-revision 60b9fe0f342f)
\c@lecture=\count128
\c@part=\count129
\c@section=\count130
\c@subsection=\count131
\c@subsubsection=\count132
)
(/usr/local/texlive/2015/texmf-dist/tex/latex/beamer/beamerbaseframe.sty
Package: beamerbaseframe 2014/02/20  (rcs-revision 4b8ceeeff434)
\beamer@framebox=\box40
\beamer@frametitlebox=\box41
\beamer@zoombox=\box42
\beamer@zoomcount=\count133
\beamer@zoomframecount=\count134
\beamer@frametextheight=\dimen168
\c@subsectionslide=\count135
\beamer@frametopskip=\skip45
\beamer@framebottomskip=\skip46
\beamer@frametopskipautobreak=\skip47
\beamer@framebottomskipautobreak=\skip48
\beamer@envbody=\toks27
\framewidth=\dimen169
\c@framenumber=\count136
)
(/usr/local/texlive/2015/texmf-dist/tex/latex/beamer/beamerbaseverbatim.sty
Package: beamerbaseverbatim 2015/01/05  (rcs-revision 431510bb5890)
\beamer@verbatimfileout=\write4
)
(/usr/local/texlive/2015/texmf-dist/tex/latex/beamer/beamerbaseframesize.sty
Package: beamerbaseframesize 2011/09/12  (rcs-revision 70f9d8411e54)
\beamer@splitbox=\box43
\beamer@autobreakcount=\count137
\beamer@autobreaklastheight=\dimen170
\beamer@frametitletoks=\toks28
\beamer@framesubtitletoks=\toks29
)
(/usr/local/texlive/2015/texmf-dist/tex/latex/beamer/beamerbaseframecomponents.
sty
Package: beamerbaseframecomponents 2013/10/18  (rcs-revision 5cf6c5555a45)
\beamer@footins=\box44
) (/usr/local/texlive/2015/texmf-dist/tex/latex/beamer/beamerbasecolor.sty
Package: beamerbasecolor 2015/02/21  (rcs-revision d944b04ee2d5)
)
(/usr/local/texlive/2015/texmf-dist/tex/latex/beamer/beamerbasenotes.sty
Package: beamerbasenotes 2012/12/19  (rcs-revision 1686da3db3c9)
\beamer@frameboxcopy=\box45
)
(/usr/local/texlive/2015/texmf-dist/tex/latex/beamer/beamerbasetoc.sty
Package: beamerbasetoc 2015/03/08  (rcs-revision 7270298bbaae)
)
(/usr/local/texlive/2015/texmf-dist/tex/latex/beamer/beamerbasetemplates.sty
Package: beamerbasetemplates 2010/05/01  (rcs-revision efa082c6111d)
\beamer@sbttoks=\toks30

(/usr/local/texlive/2015/texmf-dist/tex/latex/beamer/beamerbaseauxtemplates.sty
Package: beamerbaseauxtemplates 2014/06/30  (rcs-revision 580088513a67)
(/usr/local/texlive/2015/texmf-dist/tex/latex/beamer/beamerbaseboxes.sty
Package: beamerbaseboxes 2012/05/13  (rcs-revision 56972908a390)
\bmb@box=\box46
\bmb@colorbox=\box47
\bmb@boxshadow=\box48
\bmb@boxshadowball=\box49
\bmb@boxshadowballlarge=\box50
\bmb@temp=\dimen171
\bmb@dima=\dimen172
\bmb@dimb=\dimen173
\bmb@prevheight=\dimen174
)
\beamer@blockheadheight=\dimen175
))
(/usr/local/texlive/2015/texmf-dist/tex/latex/beamer/beamerbaselocalstructure.s
ty
Package: beamerbaselocalstructure 2014/09/10  (rcs-revision 393f6dcff371)
 (/usr/local/texlive/2015/texmf-dist/tex/latex/tools/enumerate.sty
Package: enumerate 2014/10/28 v3.00 enumerate extensions (DPC)
\@enLab=\toks31
)
\c@figure=\count138
\c@table=\count139
\abovecaptionskip=\skip49
\belowcaptionskip=\skip50
)
(/usr/local/texlive/2015/texmf-dist/tex/latex/beamer/beamerbasenavigation.sty
Package: beamerbasenavigation 2015/02/27  (rcs-revision 923f4bf87efa)
\beamer@section@min@dim=\dimen176
)
(/usr/local/texlive/2015/texmf-dist/tex/latex/beamer/beamerbasetheorems.sty
Package: beamerbasetheorems 2010/06/06  (rcs-revision 7e7cc5e53e9d)

(/usr/local/texlive/2015/texmf-dist/tex/latex/amsmath/amsmath.sty
Package: amsmath 2013/01/14 v2.14 AMS math features
\@mathmargin=\skip51

For additional information on amsmath, use the `?' option.
(/usr/local/texlive/2015/texmf-dist/tex/latex/amsmath/amstext.sty
Package: amstext 2000/06/29 v2.01

(/usr/local/texlive/2015/texmf-dist/tex/latex/amsmath/amsgen.sty
File: amsgen.sty 1999/11/30 v2.0
\@emptytoks=\toks32
\ex@=\dimen177
))
(/usr/local/texlive/2015/texmf-dist/tex/latex/amsmath/amsbsy.sty
Package: amsbsy 1999/11/29 v1.2d
\pmbraise@=\dimen178
)
(/usr/local/texlive/2015/texmf-dist/tex/latex/amsmath/amsopn.sty
Package: amsopn 1999/12/14 v2.01 operator names
)
\inf@bad=\count140
LaTeX Info: Redefining \frac on input line 210.
\uproot@=\count141
\leftroot@=\count142
LaTeX Info: Redefining \overline on input line 306.
\classnum@=\count143
\DOTSCASE@=\count144
LaTeX Info: Redefining \ldots on input line 378.
LaTeX Info: Redefining \dots on input line 381.
LaTeX Info: Redefining \cdots on input line 466.
\Mathstrutbox@=\box51
\strutbox@=\box52
\big@size=\dimen179
LaTeX Font Info:    Redeclaring font encoding OML on input line 566.
LaTeX Font Info:    Redeclaring font encoding OMS on input line 567.
\macc@depth=\count145
\c@MaxMatrixCols=\count146
\dotsspace@=\muskip11
\c@parentequation=\count147
\dspbrk@lvl=\count148
\tag@help=\toks33
\row@=\count149
\column@=\count150
\maxfields@=\count151
\andhelp@=\toks34
\eqnshift@=\dimen180
\alignsep@=\dimen181
\tagshift@=\dimen182
\tagwidth@=\dimen183
\totwidth@=\dimen184
\lineht@=\dimen185
\@envbody=\toks35
\multlinegap=\skip52
\multlinetaggap=\skip53
\mathdisplay@stack=\toks36
LaTeX Info: Redefining \[ on input line 2665.
LaTeX Info: Redefining \] on input line 2666.
)
(/usr/local/texlive/2015/texmf-dist/tex/latex/amscls/amsthm.sty
Package: amsthm 2015/03/04 v2.20.2
\thm@style=\toks37
\thm@bodyfont=\toks38
\thm@headfont=\toks39
\thm@notefont=\toks40
\thm@headpunct=\toks41
\thm@preskip=\skip54
\thm@postskip=\skip55
\thm@headsep=\skip56
\dth@everypar=\toks42
)
\c@theorem=\count152
)
(/usr/local/texlive/2015/texmf-dist/tex/latex/beamer/beamerbasethemes.sty
Package: beamerbasethemes 2010/05/01  (rcs-revision efa082c6111d)
))
(/usr/local/texlive/2015/texmf-dist/tex/latex/beamer/themes/theme/beamerthemede
fault.sty
Package: beamerthemedefault 2010/06/17  (rcs-revision d02a7cf4d8ae)

(/usr/local/texlive/2015/texmf-dist/tex/latex/beamer/themes/font/beamerfontthem
edefault.sty
Package: beamerfontthemedefault 2012/12/19  (rcs-revision 1686da3db3c9)
)
(/usr/local/texlive/2015/texmf-dist/tex/latex/beamer/themes/color/beamercolorth
emedefault.sty
Package: beamercolorthemedefault 2012/12/19  (rcs-revision 1686da3db3c9)
)
(/usr/local/texlive/2015/texmf-dist/tex/latex/beamer/themes/inner/beamerinnerth
emedefault.sty
Package: beamerinnerthemedefault 2014/06/30  (rcs-revision 580088513a67)
\beamer@dima=\dimen186
\beamer@dimb=\dimen187
)
(/usr/local/texlive/2015/texmf-dist/tex/latex/beamer/themes/outer/beamerouterth
emedefault.sty
Package: beamerouterthemedefault 2012/12/19  (rcs-revision 1686da3db3c9)
)))
(/usr/local/texlive/2015/texmf-dist/tex/latex/pgf/frontendlayer/tikz.sty
(/usr/local/texlive/2015/texmf-dist/tex/latex/pgf/basiclayer/pgf.sty
Package: pgf 2013/12/18 v3.0.0 (rcs-revision 1.14)

(/usr/local/texlive/2015/texmf-dist/tex/generic/pgf/modules/pgfmoduleshapes.cod
e.tex
File: pgfmoduleshapes.code.tex 2013/10/31  (rcs-revision 1.34)
\pgfnodeparttextbox=\box53
)
(/usr/local/texlive/2015/texmf-dist/tex/generic/pgf/modules/pgfmoduleplot.code.
tex
File: pgfmoduleplot.code.tex 2013/07/31  (rcs-revision 1.12)
)
(/usr/local/texlive/2015/texmf-dist/tex/latex/pgf/compatibility/pgfcomp-version
-0-65.sty
Package: pgfcomp-version-0-65 2007/07/03 v3.0.0 (rcs-revision 1.7)
\pgf@nodesepstart=\dimen188
\pgf@nodesepend=\dimen189
)
(/usr/local/texlive/2015/texmf-dist/tex/latex/pgf/compatibility/pgfcomp-version
-1-18.sty
Package: pgfcomp-version-1-18 2007/07/23 v3.0.0 (rcs-revision 1.1)
))
(/usr/local/texlive/2015/texmf-dist/tex/latex/pgf/utilities/pgffor.sty
(/usr/local/texlive/2015/texmf-dist/tex/latex/pgf/utilities/pgfkeys.sty
(/usr/local/texlive/2015/texmf-dist/tex/generic/pgf/utilities/pgfkeys.code.tex)
) (/usr/local/texlive/2015/texmf-dist/tex/latex/pgf/math/pgfmath.sty
(/usr/local/texlive/2015/texmf-dist/tex/generic/pgf/math/pgfmath.code.tex))
(/usr/local/texlive/2015/texmf-dist/tex/generic/pgf/utilities/pgffor.code.tex
Package: pgffor 2013/12/13 v3.0.0 (rcs-revision 1.25)

(/usr/local/texlive/2015/texmf-dist/tex/generic/pgf/math/pgfmath.code.tex)
\pgffor@iter=\dimen190
\pgffor@skip=\dimen191
\pgffor@stack=\toks43
\pgffor@toks=\toks44
))
(/usr/local/texlive/2015/texmf-dist/tex/generic/pgf/frontendlayer/tikz/tikz.cod
e.tex
Package: tikz 2013/12/13 v3.0.0 (rcs-revision 1.142)

(/usr/local/texlive/2015/texmf-dist/tex/generic/pgf/libraries/pgflibraryplothan
dlers.code.tex
File: pgflibraryplothandlers.code.tex 2013/08/31 v3.0.0 (rcs-revision 1.20)
\pgf@plot@mark@count=\count153
\pgfplotmarksize=\dimen192
)
\tikz@lastx=\dimen193
\tikz@lasty=\dimen194
\tikz@lastxsaved=\dimen195
\tikz@lastysaved=\dimen196
\tikzleveldistance=\dimen197
\tikzsiblingdistance=\dimen198
\tikz@figbox=\box54
\tikz@figbox@bg=\box55
\tikz@tempbox=\box56
\tikz@tempbox@bg=\box57
\tikztreelevel=\count154
\tikznumberofchildren=\count155
\tikznumberofcurrentchild=\count156
\tikz@fig@count=\count157

(/usr/local/texlive/2015/texmf-dist/tex/generic/pgf/modules/pgfmodulematrix.cod
e.tex
File: pgfmodulematrix.code.tex 2013/09/17  (rcs-revision 1.8)
\pgfmatrixcurrentrow=\count158
\pgfmatrixcurrentcolumn=\count159
\pgf@matrix@numberofcolumns=\count160
)
\tikz@expandcount=\count161

(/usr/local/texlive/2015/texmf-dist/tex/generic/pgf/frontendlayer/tikz/librarie
s/tikzlibrarytopaths.code.tex
File: tikzlibrarytopaths.code.tex 2008/06/17 v3.0.0 (rcs-revision 1.2)
)))
(/usr/local/texlive/2015/texmf-dist/tex/latex/subfigure/subfigure.sty
Package: subfigure 2002/03/15 v2.1.5 subfigure package
\subfigtopskip=\skip57
\subfigcapskip=\skip58
\subfigcaptopadj=\dimen199
\subfigbottomskip=\skip59
\subfigcapmargin=\dimen200
\subfiglabelskip=\skip60
\c@subfigure=\count162
\c@lofdepth=\count163
\c@subtable=\count164
\c@lotdepth=\count165

****************************************
* Local config file subfigure.cfg used *
****************************************
(/usr/local/texlive/2015/texmf-dist/tex/latex/subfigure/subfigure.cfg)
\subfig@top=\skip61
\subfig@bottom=\skip62
)
(/usr/local/texlive/2015/texmf-dist/tex/latex/beamer/multimedia/multimedia.sty
Package: multimedia 2012/05/02 ver 0.02
\mm@movie=\count166
) (/usr/local/texlive/2015/texmf-dist/tex/latex/animate/animate.sty
Package: animate 2015/03/11 PDF animations from files and inline graphics

(/usr/local/texlive/2015/texmf-dist/tex/latex/base/ifthen.sty
Package: ifthen 2014/09/29 v1.1c Standard LaTeX ifthen package (DPC)
)
(/usr/local/texlive/2015/texmf-dist/tex/latex/oberdiek/ifdraft.sty
Package: ifdraft 2008/08/11 v1.3 Detect class options draft and final (HO)
)
(/usr/local/texlive/2015/texmf-dist/tex/latex/tools/calc.sty
Package: calc 2014/10/28 v4.3 Infix arithmetic (KKT,FJ)
\calc@Acount=\count167
\calc@Bcount=\count168
\calc@Adimen=\dimen201
\calc@Bdimen=\dimen202
\calc@Askip=\skip63
\calc@Bskip=\skip64
LaTeX Info: Redefining \setlength on input line 80.
LaTeX Info: Redefining \addtolength on input line 81.
\calc@Ccount=\count169
\calc@Cskip=\skip65
)
(/usr/local/texlive/2015/texmf-dist/tex/latex/oberdiek/atenddvi.sty
Package: atenddvi 2007/04/17 v1.1 At end DVI hook (HO)

(/usr/local/texlive/2015/texmf-dist/tex/latex/oberdiek/zref-abspage.sty
Package: zref-abspage 2012/04/04 v2.24 Module abspage for zref (HO)

(/usr/local/texlive/2015/texmf-dist/tex/latex/oberdiek/zref-base.sty
Package: zref-base 2012/04/04 v2.24 Module base for zref (HO)
Package zref Info: New property list: main on input line 759.
Package zref Info: New property: default on input line 760.
Package zref Info: New property: page on input line 761.
)
\c@abspage=\count170
Package zref Info: New property: abspage on input line 62.
)
(/usr/local/texlive/2015/texmf-dist/tex/latex/oberdiek/zref-lastpage.sty
Package: zref-lastpage 2012/04/04 v2.24 Module lastpage for zref (HO)
Package zref Info: New property list: LastPage on input line 55.
))
(/usr/local/texlive/2015/texmf-dist/tex/latex/animate/animfp.sty
Package: animfp 2009/07/23 fixed point addition for animate.sty
\afp@xs=\count171
\afp@xia=\count172
\afp@xib=\count173
\afp@xfa=\count174
\afp@xfb=\count175
\afp@rega=\count176
\afp@regb=\count177
\afp@regs=\count178
)
(/usr/local/texlive/2015/texmf-dist/tex/context/base/supp-pdf.mkii
[Loading MPS to PDF converter (version 2006.09.02).]
\scratchcounter=\count179
\scratchdimen=\dimen203
\scratchbox=\box58
\nofMPsegments=\count180
\nofMParguments=\count181
\everyMPshowfont=\toks45
\MPscratchCnt=\count182
\MPscratchDim=\dimen204
\MPnumerator=\count183
\makeMPintoPDFobject=\count184
\everyMPtoPDFconversion=\toks46
)
\@anim@box=\box59
\@anim@measbox=\box60
\@anim@tmpdima=\dimen205
\@anim@tmpdimb=\dimen206
\@anim@ocnum=\count185
\@anim@num=\count186
\@anim@curframe=\count187
\@anim@curframe@zb=\count188
\@anim@resizeflags=\count189
\@anim@skipfram=\count190
\@anim@mulframecnt=\count191
\@anim@@tmlnfile=\read2
\@anim@tmpcnt=\count192
\c@@anim@ltxcnt=\count193
\@anim@curlayer=\count194
\@anim@lineno=\count195
\@anim@curfield=\count196
\@anim@begin=\toks47
\@anim@end=\toks48
\@anim@@resizeflags=\count197
)
(/usr/local/texlive/2015/texmf-dist/tex/generic/pgf/frontendlayer/tikz/librarie
s/tikzlibrarydecorations.fractals.code.tex
(/usr/local/texlive/2015/texmf-dist/tex/generic/pgf/frontendlayer/tikz/librarie
s/tikzlibrarydecorations.code.tex
(/usr/local/texlive/2015/texmf-dist/tex/generic/pgf/modules/pgfmoduledecoration
s.code.tex
\pgfdecoratedcompleteddistance=\dimen207
\pgfdecoratedremainingdistance=\dimen208
\pgfdecoratedinputsegmentcompleteddistance=\dimen209
\pgfdecoratedinputsegmentremainingdistance=\dimen210
\pgf@decorate@distancetomove=\dimen211
\pgf@decorate@repeatstate=\count198
\pgfdecorationsegmentamplitude=\dimen212
\pgfdecorationsegmentlength=\dimen213
)
\tikz@lib@dec@box=\box61
)
(/usr/local/texlive/2015/texmf-dist/tex/generic/pgf/libraries/decorations/pgfli
brarydecorations.fractals.code.tex))
(/usr/local/texlive/2015/texmf-dist/tex/latex/graphics/lscape.sty
Package: lscape 2000/10/22 v3.01 Landscape Pages (DPC)
)
(/usr/local/texlive/2015/texmf-dist/tex/latex/seqsplit/seqsplit.sty
Package: seqsplit 2006/08/07 v0.1 Splitting long sequences (DNA, RNA, proteins,
 etc.) 
)
(/usr/local/texlive/2015/texmf-dist/tex/latex/fancybox/fancybox.sty
Package: fancybox 2010/05/15 1.4

Style option: `fancybox' v1.4 <2010/05/15> (tvz)
\@fancybox=\box62
\shadowsize=\dimen214
\@Sbox=\box63
\do@VerbBox=\toks49
\the@fancyput=\toks50
\this@fancyput=\toks51
\EndVerbatimTokens=\toks52
\Verbatim@Outfile=\write5
\Verbatim@Infile=\read3
) (/usr/local/texlive/2015/texmf-dist/tex/latex/framed/framed.sty
Package: framed 2011/10/22 v 0.96: framed or shaded text with page breaks
\OuterFrameSep=\skip66
\fb@frw=\dimen215
\fb@frh=\dimen216
\FrameRule=\dimen217
\FrameSep=\dimen218
)
(/usr/local/texlive/2015/texmf-dist/tex/latex/mdframed/mdframed.sty
Package: mdframed 2013/07/01 1.9b: mdframed

(/usr/local/texlive/2015/texmf-dist/tex/latex/l3packages/xparse/xparse.sty
(/usr/local/texlive/2015/texmf-dist/tex/latex/l3kernel/expl3.sty
Package: expl3 2015/03/01 v5547 L3 programming layer (loader) 

(/usr/local/texlive/2015/texmf-dist/tex/latex/l3kernel/expl3-code.tex
Package: expl3 2015/03/01 v5547 L3 programming layer (code) 
L3 Module: l3bootstrap 2015/02/28 v5542 L3 Bootstrap code
L3 Module: l3names 2015/02/24 v5535 L3 Namespace for primitives
L3 Module: l3basics 2015/01/27 v5500 L3 Basic definitions
L3 Module: l3expan 2014/11/27 v5472 L3 Argument expansion
L3 Module: l3tl 2015/01/27 v5500 L3 Token lists
L3 Module: l3str 2015/03/01 v5545 L3 Strings
L3 Module: l3seq 2014/08/23 v5354 L3 Sequences and stacks
L3 Module: l3int 2015/02/21 v5529 L3 Integers
\c_max_int=\count199
\l_tmpa_int=\count200
\l_tmpb_int=\count201
\g_tmpa_int=\count202
\g_tmpb_int=\count203
L3 Module: l3quark 2014/08/23 v5354 L3 Quarks
L3 Module: l3prg 2014/08/23 v5354 L3 Control structures
\g__prg_map_int=\count204
L3 Module: l3clist 2014/08/23 v5354 L3 Comma separated lists
L3 Module: l3token 2014/09/15 v5422 L3 Experimental token manipulation
L3 Module: l3prop 2014/08/23 v5354 L3 Property lists
L3 Module: l3msg 2015/02/26 v5537 L3 Messages
L3 Module: l3file 2014/08/24 v5369 L3 File and I/O operations
\l_iow_line_count_int=\count205
\l__iow_target_count_int=\count206
\l__iow_current_line_int=\count207
\l__iow_current_word_int=\count208
\l__iow_current_indentation_int=\count209
L3 Module: l3skip 2014/08/23 v5354 L3 Dimensions and skips
\c_zero_dim=\dimen219
\c_max_dim=\dimen220
\l_tmpa_dim=\dimen221
\l_tmpb_dim=\dimen222
\g_tmpa_dim=\dimen223
\g_tmpb_dim=\dimen224
\c_zero_skip=\skip67
\c_max_skip=\skip68
\l_tmpa_skip=\skip69
\l_tmpb_skip=\skip70
\g_tmpa_skip=\skip71
\g_tmpb_skip=\skip72
\c_zero_muskip=\muskip12
\c_max_muskip=\muskip13
\l_tmpa_muskip=\muskip14
\l_tmpb_muskip=\muskip15
\g_tmpa_muskip=\muskip16
\g_tmpb_muskip=\muskip17
L3 Module: l3keys 2015/01/27 v5500 L3 Key-value interfaces
\g__keyval_level_int=\count210
\l_keys_choice_int=\count211
L3 Module: l3fp 2014/08/22 v5336 L3 Floating points
\c__fp_leading_shift_int=\count212
\c__fp_middle_shift_int=\count213
\c__fp_trailing_shift_int=\count214
\c__fp_big_leading_shift_int=\count215
\c__fp_big_middle_shift_int=\count216
\c__fp_big_trailing_shift_int=\count217
\c__fp_Bigg_leading_shift_int=\count218
\c__fp_Bigg_middle_shift_int=\count219
\c__fp_Bigg_trailing_shift_int=\count220
L3 Module: l3box 2014/08/23 v5354 L3 Experimental boxes
\c_empty_box=\box64
\l_tmpa_box=\box65
\l_tmpb_box=\box66
\g_tmpa_box=\box67
\g_tmpb_box=\box68
L3 Module: l3coffins 2014/08/23 v5354 L3 Coffin code layer
\l__coffin_internal_box=\box69
\l__coffin_internal_dim=\dimen225
\l__coffin_offset_x_dim=\dimen226
\l__coffin_offset_y_dim=\dimen227
\l__coffin_x_dim=\dimen228
\l__coffin_y_dim=\dimen229
\l__coffin_x_prime_dim=\dimen230
\l__coffin_y_prime_dim=\dimen231
\c_empty_coffin=\box70
\l__coffin_aligned_coffin=\box71
\l__coffin_aligned_internal_coffin=\box72
\l_tmpa_coffin=\box73
\l_tmpb_coffin=\box74
\l__coffin_display_coffin=\box75
\l__coffin_display_coord_coffin=\box76
\l__coffin_display_pole_coffin=\box77
\l__coffin_display_offset_dim=\dimen232
\l__coffin_display_x_dim=\dimen233
\l__coffin_display_y_dim=\dimen256
L3 Module: l3color 2014/08/23 v5354 L3 Experimental color support
L3 Module: l3candidates 2015/03/01 v5544 L3 Experimental additions to l3kernel
\l__box_top_dim=\dimen257
\l__box_bottom_dim=\dimen258
\l__box_left_dim=\dimen259
\l__box_right_dim=\dimen260
\l__box_top_new_dim=\dimen261
\l__box_bottom_new_dim=\dimen262
\l__box_left_new_dim=\dimen263
\l__box_right_new_dim=\dimen264
\l__box_internal_box=\box78
\l__coffin_bounding_shift_dim=\dimen265
\l__coffin_left_corner_dim=\dimen266
\l__coffin_right_corner_dim=\dimen267
\l__coffin_bottom_corner_dim=\dimen268
\l__coffin_top_corner_dim=\dimen269
\l__coffin_scaled_total_height_dim=\dimen270
\l__coffin_scaled_width_dim=\dimen271
)
(/usr/local/texlive/2015/texmf-dist/tex/latex/l3kernel/l3unicode-data.def
File: l3unicode-data.def 2015/03/01 v5544 L3 Unicode data
)
(/usr/local/texlive/2015/texmf-dist/tex/latex/l3kernel/l3pdfmode.def
File: l3pdfmode.def 2015/03/01 v5544 L3 Experimental driver: PDF mode
\l__driver_color_stack_int=\count221
))
Package: xparse 2014/11/25 v5471 L3 Experimental document command parser
\l__xparse_current_arg_int=\count222
\l__xparse_m_args_int=\count223
\l__xparse_mandatory_args_int=\count224
\l__xparse_processor_int=\count225
\l__xparse_v_nesting_int=\count226
)
(/usr/local/texlive/2015/texmf-dist/tex/latex/etoolbox/etoolbox.sty
Package: etoolbox 2015/05/04 v2.2 e-TeX tools for LaTeX (JAW)
\etb@tempcnta=\count227
)
(/usr/local/texlive/2015/texmf-dist/tex/latex/needspace/needspace.sty
Package: needspace 2010/09/12 v1.3d reserve vertical space
)
\mdf@templength=\skip73
\c@mdf@globalstyle@cnt=\count228
\mdf@skipabove@length=\skip74
\mdf@skipbelow@length=\skip75
\mdf@leftmargin@length=\skip76
\mdf@rightmargin@length=\skip77
\mdf@innerleftmargin@length=\skip78
\mdf@innerrightmargin@length=\skip79
\mdf@innertopmargin@length=\skip80
\mdf@innerbottommargin@length=\skip81
\mdf@splittopskip@length=\skip82
\mdf@splitbottomskip@length=\skip83
\mdf@outermargin@length=\skip84
\mdf@innermargin@length=\skip85
\mdf@linewidth@length=\skip86
\mdf@innerlinewidth@length=\skip87
\mdf@middlelinewidth@length=\skip88
\mdf@outerlinewidth@length=\skip89
\mdf@roundcorner@length=\skip90
\mdf@footenotedistance@length=\skip91
\mdf@userdefinedwidth@length=\skip92
\mdf@needspace@length=\skip93
\mdf@frametitleaboveskip@length=\skip94
\mdf@frametitlebelowskip@length=\skip95
\mdf@frametitlerulewidth@length=\skip96
\mdf@frametitleleftmargin@length=\skip97
\mdf@frametitlerightmargin@length=\skip98
\mdf@shadowsize@length=\skip99
\mdf@extratopheight@length=\skip100
\mdf@subtitleabovelinewidth@length=\skip101
\mdf@subtitlebelowlinewidth@length=\skip102
\mdf@subtitleaboveskip@length=\skip103
\mdf@subtitlebelowskip@length=\skip104
\mdf@subtitleinneraboveskip@length=\skip105
\mdf@subtitleinnerbelowskip@length=\skip106
\mdf@subsubtitleabovelinewidth@length=\skip107
\mdf@subsubtitlebelowlinewidth@length=\skip108
\mdf@subsubtitleaboveskip@length=\skip109
\mdf@subsubtitlebelowskip@length=\skip110
\mdf@subsubtitleinneraboveskip@length=\skip111
\mdf@subsubtitleinnerbelowskip@length=\skip112

(/usr/local/texlive/2015/texmf-dist/tex/latex/mdframed/md-frame-1.mdf
File: md-frame-1.mdf 2013/07/01\ 1.9b: md-frame-1
)
\mdf@frametitlebox=\box79
\mdf@footnotebox=\box80
\mdf@splitbox@one=\box81
\mdf@splitbox@two=\box82
\mdf@splitbox@save=\box83
\mdfsplitboxwidth=\skip113
\mdfsplitboxtotalwidth=\skip114
\mdfsplitboxheight=\skip115
\mdfsplitboxdepth=\skip116
\mdfsplitboxtotalheight=\skip117
\mdfframetitleboxwidth=\skip118
\mdfframetitleboxtotalwidth=\skip119
\mdfframetitleboxheight=\skip120
\mdfframetitleboxdepth=\skip121
\mdfframetitleboxtotalheight=\skip122
\mdffootnoteboxwidth=\skip123
\mdffootnoteboxtotalwidth=\skip124
\mdffootnoteboxheight=\skip125
\mdffootnoteboxdepth=\skip126
\mdffootnoteboxtotalheight=\skip127
\mdftotallinewidth=\skip128
\mdfboundingboxwidth=\skip129
\mdfboundingboxtotalwidth=\skip130
\mdfboundingboxheight=\skip131
\mdfboundingboxdepth=\skip132
\mdfboundingboxtotalheight=\skip133
\mdf@freevspace@length=\skip134
\mdf@horizontalwidthofbox@length=\skip135
\mdf@verticalmarginwhole@length=\skip136
\mdf@horizontalspaceofbox=\skip137
\mdfsubtitleheight=\skip138
\mdfsubsubtitleheight=\skip139
\c@mdfcountframes=\count229

****** mdframed patching \endmdf@trivlist

****** -- failed******

.................................................
. LaTeX info: "xparse/define-command"
. 
. Defining command \newmdtheoremenv with sig. 'O{} m o m o ' on line 601.
.................................................
.................................................
. LaTeX info: "xparse/define-command"
. 
. Defining command \mdtheorem with sig. ' O{} m o m o ' on line 701.
.................................................
\mdf@envdepth=\count230
\c@mdf@env@i=\count231
\c@mdf@env@ii=\count232
\c@mdf@zref@counter=\count233
Package zref Info: New property: mdf@pagevalue on input line 895.
)
(/usr/local/texlive/2015/texmf-dist/tex/latex/tcolorbox/tcolorbox.sty
Package: tcolorbox 2015/05/07 version 3.60 text color boxes

(/usr/local/texlive/2015/texmf-dist/tex/latex/tools/verbatim.sty
Package: verbatim 2014/10/28 v1.5q LaTeX2e package for verbatim enhancements
\every@verbatim=\toks53
\verbatim@line=\toks54
\verbatim@in@stream=\read4
)
(/usr/local/texlive/2015/texmf-dist/tex/latex/environ/environ.sty
Package: environ 2014/05/04 v0.3 A new way to define environments

(/usr/local/texlive/2015/texmf-dist/tex/latex/trimspaces/trimspaces.sty
Package: trimspaces 2009/09/17 v1.1 Trim spaces around a token list
))
\tcb@titlebox=\box84
\tcb@upperbox=\box85
\tcb@lowerbox=\box86
\tcb@phantombox=\box87
\c@tcbbreakpart=\count266
\c@tcblayer=\count267
\tcb@temp=\box88
\tcb@temp=\box89
\tcb@temp=\box90
\tcb@temp=\box91
\tcb@out=\write6
\tcb@record@out=\write7
)
(/usr/local/texlive/2015/texmf-dist/tex/latex/lipsum/lipsum.sty
Package: lipsum 2014/07/27 v1.3 150 paragraphs of Lorem Ipsum dummy text
\c@lips@count=\count268
)
(/usr/local/texlive/2015/texmf-dist/tex/latex/beamer/themes/font/beamerfontthem
eprofessionalfonts.sty
Package: beamerfontthemeprofessionalfonts 2010/06/17  (rcs-revision d02a7cf4d8a
e)
)
(/usr/local/texlive/2015/texmf-dist/tex/latex/psnfss/times.sty
Package: times 2005/04/12 PSNFSS-v9.2a (SPQR) 
)
(/usr/local/texlive/2015/texmf-dist/tex/generic/pgf/frontendlayer/tikz/librarie
s/tikzlibraryarrows.code.tex
File: tikzlibraryarrows.code.tex 2008/01/09 v3.0.0 (rcs-revision 1.1)

(/usr/local/texlive/2015/texmf-dist/tex/generic/pgf/libraries/pgflibraryarrows.
code.tex
File: pgflibraryarrows.code.tex 2013/09/23 v3.0.0 (rcs-revision 1.16)
\arrowsize=\dimen272
))
(/usr/local/texlive/2015/texmf-dist/tex/generic/pgf/frontendlayer/tikz/librarie
s/tikzlibraryshapes.code.tex
File: tikzlibraryshapes.code.tex 2008/01/09 v3.0.0 (rcs-revision 1.1)

(/usr/local/texlive/2015/texmf-dist/tex/generic/pgf/frontendlayer/tikz/librarie
s/tikzlibraryshapes.geometric.code.tex
File: tikzlibraryshapes.geometric.code.tex 2008/01/09 v3.0.0 (rcs-revision 1.1)


(/usr/local/texlive/2015/texmf-dist/tex/generic/pgf/libraries/shapes/pgflibrary
shapes.geometric.code.tex
File: pgflibraryshapes.geometric.code.tex 2008/06/26 v3.0.0 (rcs-revision 1.1)
))
(/usr/local/texlive/2015/texmf-dist/tex/generic/pgf/frontendlayer/tikz/librarie
s/tikzlibraryshapes.misc.code.tex
File: tikzlibraryshapes.misc.code.tex 2008/01/09 v3.0.0 (rcs-revision 1.1)

(/usr/local/texlive/2015/texmf-dist/tex/generic/pgf/libraries/shapes/pgflibrary
shapes.misc.code.tex
File: pgflibraryshapes.misc.code.tex 2013/07/18 v3.0.0 (rcs-revision 1.5)
))
(/usr/local/texlive/2015/texmf-dist/tex/generic/pgf/frontendlayer/tikz/librarie
s/tikzlibraryshapes.symbols.code.tex
File: tikzlibraryshapes.symbols.code.tex 2008/01/09 v3.0.0 (rcs-revision 1.1)

(/usr/local/texlive/2015/texmf-dist/tex/generic/pgf/libraries/shapes/pgflibrary
shapes.symbols.code.tex
File: pgflibraryshapes.symbols.code.tex 2013/09/11 v3.0.0 (rcs-revision 1.6)
))
(/usr/local/texlive/2015/texmf-dist/tex/generic/pgf/frontendlayer/tikz/librarie
s/tikzlibraryshapes.arrows.code.tex
File: tikzlibraryshapes.arrows.code.tex 2008/01/09 v3.0.0 (rcs-revision 1.1)

(/usr/local/texlive/2015/texmf-dist/tex/generic/pgf/libraries/shapes/pgflibrary
shapes.arrows.code.tex
File: pgflibraryshapes.arrows.code.tex 2008/06/26 v3.0.0 (rcs-revision 1.1)
))
(/usr/local/texlive/2015/texmf-dist/tex/generic/pgf/frontendlayer/tikz/librarie
s/tikzlibraryshapes.callouts.code.tex
(/usr/local/texlive/2015/texmf-dist/tex/generic/pgf/libraries/shapes/pgflibrary
shapes.callouts.code.tex))
(/usr/local/texlive/2015/texmf-dist/tex/generic/pgf/frontendlayer/tikz/librarie
s/tikzlibraryshapes.multipart.code.tex
File: tikzlibraryshapes.multipart.code.tex 2008/01/09 v3.0.0 (rcs-revision 1.1)


(/usr/local/texlive/2015/texmf-dist/tex/generic/pgf/libraries/shapes/pgflibrary
shapes.multipart.code.tex
File: pgflibraryshapes.multipart.code.tex 2010/01/07 v3.0.0 (rcs-revision 1.2)
\pgfnodepartlowerbox=\box92
\pgfnodeparttwobox=\box93
\pgfnodepartthreebox=\box94
\pgfnodepartfourbox=\box95
\pgfnodeparttwentybox=\box96
\pgfnodepartnineteenbox=\box97
\pgfnodeparteighteenbox=\box98
\pgfnodepartseventeenbox=\box99
\pgfnodepartsixteenbox=\box100
\pgfnodepartfifteenbox=\box101
\pgfnodepartfourteenbox=\box102
\pgfnodepartthirteenbox=\box103
\pgfnodeparttwelvebox=\box104
\pgfnodepartelevenbox=\box105
\pgfnodeparttenbox=\box106
\pgfnodepartninebox=\box107
\pgfnodeparteightbox=\box108
\pgfnodepartsevenbox=\box109
\pgfnodepartsixbox=\box110
\pgfnodepartfivebox=\box111
)))
(/usr/local/texlive/2015/texmf-dist/tex/generic/pgf/frontendlayer/tikz/librarie
s/tikzlibrarypatterns.code.tex
File: tikzlibrarypatterns.code.tex 2008/01/15 v3.0.0 (rcs-revision 1.2)

(/usr/local/texlive/2015/texmf-dist/tex/generic/pgf/libraries/pgflibrarypattern
s.code.tex
File: pgflibrarypatterns.code.tex 2008/03/03 v3.0.0 (rcs-revision 1.13)
))
(/usr/local/texlive/2015/texmf-dist/tex/latex/beamer/themes/outer/beamerouterth
ememiniframes.sty
Package: beamerouterthememiniframes 2010/06/17  (rcs-revision d02a7cf4d8ae)
)
(/usr/local/texlive/2015/texmf-dist/tex/latex/beamer/themes/font/beamerfontthem
eserif.sty
Package: beamerfontthemeserif 2010/06/17  (rcs-revision d02a7cf4d8ae)
) (/usr/local/texlive/2015/texmf-dist/tex/latex/lm/lmodern.sty
Package: lmodern 2009/10/30 v1.6 Latin Modern Fonts
LaTeX Font Info:    Overwriting symbol font `operators' in version `normal'
(Font)                  OT1/cmr/m/n --> OT1/lmr/m/n on input line 22.
LaTeX Font Info:    Overwriting symbol font `letters' in version `normal'
(Font)                  OML/cmm/m/it --> OML/lmm/m/it on input line 23.
LaTeX Font Info:    Overwriting symbol font `symbols' in version `normal'
(Font)                  OMS/cmsy/m/n --> OMS/lmsy/m/n on input line 24.
LaTeX Font Info:    Overwriting symbol font `largesymbols' in version `normal'
(Font)                  OMX/cmex/m/n --> OMX/lmex/m/n on input line 25.
LaTeX Font Info:    Overwriting symbol font `operators' in version `bold'
(Font)                  OT1/cmr/bx/n --> OT1/lmr/bx/n on input line 26.
LaTeX Font Info:    Overwriting symbol font `letters' in version `bold'
(Font)                  OML/cmm/b/it --> OML/lmm/b/it on input line 27.
LaTeX Font Info:    Overwriting symbol font `symbols' in version `bold'
(Font)                  OMS/cmsy/b/n --> OMS/lmsy/b/n on input line 28.
LaTeX Font Info:    Overwriting symbol font `largesymbols' in version `bold'
(Font)                  OMX/cmex/m/n --> OMX/lmex/m/n on input line 29.
LaTeX Font Info:    Overwriting math alphabet `\mathbf' in version `normal'
(Font)                  OT1/cmr/bx/n --> OT1/lmr/bx/n on input line 31.
LaTeX Font Info:    Overwriting math alphabet `\mathsf' in version `normal'
(Font)                  OT1/cmss/m/n --> OT1/lmss/m/n on input line 32.
LaTeX Font Info:    Overwriting math alphabet `\mathit' in version `normal'
(Font)                  OT1/cmr/m/it --> OT1/lmr/m/it on input line 33.
LaTeX Font Info:    Overwriting math alphabet `\mathtt' in version `normal'
(Font)                  OT1/cmtt/m/n --> OT1/lmtt/m/n on input line 34.
LaTeX Font Info:    Overwriting math alphabet `\mathbf' in version `bold'
(Font)                  OT1/cmr/bx/n --> OT1/lmr/bx/n on input line 35.
LaTeX Font Info:    Overwriting math alphabet `\mathsf' in version `bold'
(Font)                  OT1/cmss/bx/n --> OT1/lmss/bx/n on input line 36.
LaTeX Font Info:    Overwriting math alphabet `\mathit' in version `bold'
(Font)                  OT1/cmr/bx/it --> OT1/lmr/bx/it on input line 37.
LaTeX Font Info:    Overwriting math alphabet `\mathtt' in version `bold'
(Font)                  OT1/cmtt/m/n --> OT1/lmtt/m/n on input line 38.
)
(/usr/local/texlive/2015/texmf-dist/tex/latex/appendixnumberbeamer/appendixnumb
erbeamer.sty) (./nur_dnp_oct13_transverseN2Delta.aux

LaTeX Warning: Label `equ:eqPhysicsAsymmetry101' multiply defined.


LaTeX Warning: Label `equ:eqPhysicsAsymmetry104' multiply defined.


LaTeX Warning: Label `equ:eqPhysicsAsymmetry104' multiply defined.


LaTeX Warning: Label `equ:eqPhysicsAsymmetry104' multiply defined.


LaTeX Warning: Label `equ:eqPhysicsAsymmetry104' multiply defined.


LaTeX Warning: Label `equ:eqPhysicsAsymmetry104' multiply defined.


LaTeX Warning: Label `equ:eqPhysicsAsymmetry211' multiply defined.


LaTeX Warning: Label `equ:eqPhysicsAsymmetry211' multiply defined.


LaTeX Warning: Label `equ:eqPhysicsAsymmetry211' multiply defined.


LaTeX Warning: Label `equ:qweak5' multiply defined.


LaTeX Warning: Label `equ:qweak5' multiply defined.


LaTeX Warning: Label `equ:qweak5' multiply defined.


LaTeX Warning: Label `equ:qweak51' multiply defined.


LaTeX Warning: Label `equ:qweak51' multiply defined.


LaTeX Warning: Label `equ:qweak3' multiply defined.


LaTeX Warning: Label `equ:qweak5' multiply defined.


LaTeX Warning: Label `equ:qweak4' multiply defined.


LaTeX Warning: Label `tabPhysicsAsymInput' multiply defined.


LaTeX Warning: Label `equ:qweak1' multiply defined.


LaTeX Warning: Label `equ:qweak2' multiply defined.


LaTeX Warning: Label `equ:qweak3' multiply defined.


LaTeX Warning: Label `equ:qweak5' multiply defined.


LaTeX Warning: Label `equ:qweak4' multiply defined.


LaTeX Warning: Label `equ:qweak6' multiply defined.


LaTeX Warning: Label `equ:qweak6' multiply defined.


LaTeX Warning: Label `equ:eqPhysicsAsymmetry211' multiply defined.

)
\openout1 = `nur_dnp_oct13_transverseN2Delta.aux'.

LaTeX Font Info:    Checking defaults for OML/cmm/m/it on input line 125.
LaTeX Font Info:    ... okay on input line 125.
LaTeX Font Info:    Checking defaults for T1/cmr/m/n on input line 125.
LaTeX Font Info:    ... okay on input line 125.
LaTeX Font Info:    Checking defaults for OT1/cmr/m/n on input line 125.
LaTeX Font Info:    ... okay on input line 125.
LaTeX Font Info:    Checking defaults for OMS/cmsy/m/n on input line 125.
LaTeX Font Info:    ... okay on input line 125.
LaTeX Font Info:    Checking defaults for OMX/cmex/m/n on input line 125.
LaTeX Font Info:    ... okay on input line 125.
LaTeX Font Info:    Checking defaults for U/cmr/m/n on input line 125.
LaTeX Font Info:    ... okay on input line 125.
LaTeX Font Info:    Checking defaults for PD1/pdf/m/n on input line 125.
LaTeX Font Info:    ... okay on input line 125.
LaTeX Font Info:    Try loading font information for OT1+lmr on input line 125.

 (/usr/local/texlive/2015/texmf-dist/tex/latex/lm/ot1lmr.fd
File: ot1lmr.fd 2009/10/30 v1.6 Font defs for Latin Modern
)
*geometry* driver: auto-detecting
*geometry* detected driver: pdftex
*geometry* verbose mode - [ preamble ] result:
* driver: pdftex
* paper: custom
* layout: <same size as paper>
* layoutoffset:(h,v)=(0.0pt,0.0pt)
* modes: includehead includefoot 
* h-part:(L,W,R)=(28.45274pt, 307.28987pt, 28.45274pt)
* v-part:(T,H,B)=(0.0pt, 273.14662pt, 0.0pt)
* \paperwidth=364.19536pt
* \paperheight=273.14662pt
* \textwidth=307.28987pt
* \textheight=244.6939pt
* \oddsidemargin=-43.81725pt
* \evensidemargin=-43.81725pt
* \topmargin=-72.26999pt
* \headheight=14.22636pt
* \headsep=0.0pt
* \topskip=9.0pt
* \footskip=14.22636pt
* \marginparwidth=4.0pt
* \marginparsep=10.0pt
* \columnsep=10.0pt
* \skip\footins=7.0pt plus 4.0pt minus 2.0pt
* \hoffset=0.0pt
* \voffset=0.0pt
* \mag=1000
* \@twocolumnfalse
* \@twosidefalse
* \@mparswitchfalse
* \@reversemarginfalse
* (1in=72.27pt=25.4mm, 1cm=28.453pt)

(/usr/local/texlive/2015/texmf-dist/tex/latex/oberdiek/epstopdf-base.sty
Package: epstopdf-base 2010/02/09 v2.5 Base part for package epstopdf

(/usr/local/texlive/2015/texmf-dist/tex/latex/oberdiek/grfext.sty
Package: grfext 2010/08/19 v1.1 Manage graphics extensions (HO)
)
Package grfext Info: Graphics extension search list:
(grfext)             [.png,.pdf,.jpg,.mps,.jpeg,.jbig2,.jb2,.PNG,.PDF,.JPG,.JPE
G,.JBIG2,.JB2,.eps]
(grfext)             \AppendGraphicsExtensions on input line 452.

(/usr/local/texlive/2015/texmf-dist/tex/latex/latexconfig/epstopdf-sys.cfg
File: epstopdf-sys.cfg 2010/07/13 v1.3 Configuration of (r)epstopdf for TeX Liv
e
))
ABD: EveryShipout initializing macros
\AtBeginShipoutBox=\box112
Package hyperref Info: Link coloring OFF on input line 125.

(/usr/local/texlive/2015/texmf-dist/tex/latex/hyperref/nameref.sty
Package: nameref 2012/10/27 v2.43 Cross-referencing by name of section

(/usr/local/texlive/2015/texmf-dist/tex/generic/oberdiek/gettitlestring.sty
Package: gettitlestring 2010/12/03 v1.4 Cleanup title references (HO)
)
\c@section@level=\count269
)
LaTeX Info: Redefining \ref on input line 125.
LaTeX Info: Redefining \pageref on input line 125.
LaTeX Info: Redefining \nameref on input line 125.

(./nur_dnp_oct13_transverseN2Delta.out) (./nur_dnp_oct13_transverseN2Delta.out)
\@outlinefile=\write8
\openout8 = `nur_dnp_oct13_transverseN2Delta.out'.


(/usr/local/texlive/2015/texmf-dist/tex/latex/beamer/translator/dicts/translato
r-basic-dictionary/translator-basic-dictionary-English.dict
Dictionary: translator-basic-dictionary, Language: English 
)
(/usr/local/texlive/2015/texmf-dist/tex/latex/beamer/translator/dicts/translato
r-bibliography-dictionary/translator-bibliography-dictionary-English.dict
Dictionary: translator-bibliography-dictionary, Language: English 
)
(/usr/local/texlive/2015/texmf-dist/tex/latex/beamer/translator/dicts/translato
r-environment-dictionary/translator-environment-dictionary-English.dict
Dictionary: translator-environment-dictionary, Language: English 
)
(/usr/local/texlive/2015/texmf-dist/tex/latex/beamer/translator/dicts/translato
r-months-dictionary/translator-months-dictionary-English.dict
Dictionary: translator-months-dictionary, Language: English 
)
(/usr/local/texlive/2015/texmf-dist/tex/latex/beamer/translator/dicts/translato
r-numbers-dictionary/translator-numbers-dictionary-English.dict
Dictionary: translator-numbers-dictionary, Language: English 
)
(/usr/local/texlive/2015/texmf-dist/tex/latex/beamer/translator/dicts/translato
r-theorem-dictionary/translator-theorem-dictionary-English.dict
Dictionary: translator-theorem-dictionary, Language: English 
)
LaTeX Info: Redefining \includegraphics on input line 125.

(./nur_dnp_oct13_transverseN2Delta.nav)

Package hyperref Warning: Option `pdfauthor' has already been used,
(hyperref)                setting the option has no effect on input line 173.

LaTeX Font Info:    Calculating math sizes for size <16> on input line 173.
LaTeX Font Info:    Try loading font information for OML+lmm on input line 173.

(/usr/local/texlive/2015/texmf-dist/tex/latex/lm/omllmm.fd
File: omllmm.fd 2009/10/30 v1.6 Font defs for Latin Modern
)
LaTeX Font Info:    Try loading font information for OMS+lmsy on input line 173
.

(/usr/local/texlive/2015/texmf-dist/tex/latex/lm/omslmsy.fd
File: omslmsy.fd 2009/10/30 v1.6 Font defs for Latin Modern
)
LaTeX Font Info:    Try loading font information for OMX+lmex on input line 173
.

(/usr/local/texlive/2015/texmf-dist/tex/latex/lm/omxlmex.fd
File: omxlmex.fd 2009/10/30 v1.6 Font defs for Latin Modern
)
LaTeX Font Info:    External font `lmex10' loaded for size
(Font)              <16> on input line 173.
LaTeX Font Info:    External font `lmex10' loaded for size
(Font)              <11.19995> on input line 173.
LaTeX Font Info:    External font `lmex10' loaded for size
(Font)              <8> on input line 173.
LaTeX Font Info:    Try loading font information for U+msa on input line 173.

(/usr/local/texlive/2015/texmf-dist/tex/latex/amsfonts/umsa.fd
File: umsa.fd 2013/01/14 v3.01 AMS symbols A
)
LaTeX Font Info:    Try loading font information for U+msb on input line 173.

(/usr/local/texlive/2015/texmf-dist/tex/latex/amsfonts/umsb.fd
File: umsb.fd 2013/01/14 v3.01 AMS symbols B
)
LaTeX Font Info:    External font `lmex10' loaded for size
(Font)              <10.95> on input line 173.
LaTeX Font Info:    External font `lmex10' loaded for size
(Font)              <6> on input line 173.
LaTeX Font Info:    Try loading font information for OT1+lmtt on input line 173
.

(/usr/local/texlive/2015/texmf-dist/tex/latex/lm/ot1lmtt.fd
File: ot1lmtt.fd 2009/10/30 v1.6 Font defs for Latin Modern
)
LaTeX Font Info:    External font `lmex10' loaded for size
(Font)              <5> on input line 173.

<figures/HamptonUniversityLogo.jpg, id=150, 1090.0725pt x 307.90031pt>
File: figures/HamptonUniversityLogo.jpg Graphic file (type jpg)

<use figures/HamptonUniversityLogo.jpg>
Package pdftex.def Info: figures/HamptonUniversityLogo.jpg used on input line 1
73.
(pdftex.def)             Requested size: 73.97733pt x 20.89278pt.

<figures/jlab_logo.jpg, id=151, 289.08pt x 90.3375pt>
File: figures/jlab_logo.jpg Graphic file (type jpg)

<use figures/jlab_logo.jpg>
Package pdftex.def Info: figures/jlab_logo.jpg used on input line 173.
(pdftex.def)             Requested size: 73.97733pt x 23.11777pt.

Overfull \hbox (176.40697pt too wide) in paragraph at lines 173--173
 []$$[]$ 
 []

\c@slidenumber=\count270

Overfull \vbox (7.42592pt too high) detected at line 173
 []

[1

{/usr/local/texlive/2015/texmf-var/fonts/map/pdftex/updmap/pdftex.map} <./figur
es/HamptonUniversityLogo.jpg> <./figures/jlab_logo.jpg>]
(./nur_dnp_oct13_transverseN2Delta.toc) [2

] [3

pdfTeX warning (ext4): destination with the same identifier (name{equ:eqPhysics
Asymmetry101}) has been already used, duplicate ignored

\@EveryShipout@Output ...@Org@Shipout \box \@cclv 
                                                  
l.214 \end{frame}
                 ]pdfTeX warning (ext4): destination with the same identifier (
name{equ:eqPhysicsAsymmetry104}) has been already used, duplicate ignored
<to be read again> 
                   \relax 
l.267 \end{frame}
                 pdfTeX warning (ext4): destination with the same identifier (n
ame{equ:eqPhysicsAsymmetry104}) has been already used, duplicate ignored
<to be read again> 
                   \relax 
l.267 \end{frame}
                 pdfTeX warning (ext4): destination with the same identifier (n
ame{equ:eqPhysicsAsymmetry104}) has been already used, duplicate ignored
<to be read again> 
                   \relax 
l.267 \end{frame}
                 pdfTeX warning (ext4): destination with the same identifier (n
ame{equ:eqPhysicsAsymmetry104}) has been already used, duplicate ignored
<to be read again> 
                   \relax 
l.267 \end{frame}
                  [4

]pdfTeX warning (ext4): destination with the same identifier (name{equ:eqPhysic
sAsymmetry104}) has been already used, duplicate ignored
<to be read again> 
                   \relax 
l.315 \end{frame}
                  [5

] [6

pdfTeX warning (ext4): destination with the same identifier (name{equ:eqPhysics
Asymmetry211}) has been already used, duplicate ignored

\@EveryShipout@Output ...@Org@Shipout \box \@cclv 
                                                  
l.343 \end{frame}
                 pdfTeX warning (ext4): destination with the same identifier (n
ame{equ:eqPhysicsAsymmetry211}) has been already used, duplicate ignored

\@EveryShipout@Output ...@Org@Shipout \box \@cclv 
                                                  
l.343 \end{frame}
                 pdfTeX warning (ext4): destination with the same identifier (n
ame{equ:eqPhysicsAsymmetry211}) has been already used, duplicate ignored

\@EveryShipout@Output ...@Org@Shipout \box \@cclv 
                                                  
l.343 \end{frame}
                 ]
LaTeX Font Info:    Try loading font information for OML+lmr on input line 389.

 (/usr/local/texlive/2015/texmf-dist/tex/latex/lm/omllmr.fd
File: omllmr.fd 2009/10/30 v1.6 Font defs for Latin Modern
)
LaTeX Font Info:    Font shape `OML/lmr/m/n' in size <8> not available
(Font)              Font shape `OML/lmm/m/it' tried instead on input line 389.
LaTeX Font Info:    External font `lmex10' loaded for size
(Font)              <7> on input line 389.

[7

]
Overfull \hbox (38.63976pt too wide) in paragraph at lines 433--433
 [] 
 []

[8

] (./nur_dnp_oct13_transverseN2Delta.toc) [9

]
Overfull \hbox (23.26123pt too wide) detected at line 469
[][][][] \OT1/lmr/m/n/6 = []
 []


Overfull \hbox (31.35684pt too wide) detected at line 469
[][][][] \OT1/lmr/m/n/6 = \OML/lmm/m/it/6 Q[] [] \OT1/lmr/m/n/6 + [] + []
 []

[10

]pdfTeX warning (ext4): destination with the same identifier (name{equ:qweak5})
 has been already used, duplicate ignored
<to be read again> 
                   \relax 
l.523 \end{frame}
                 pdfTeX warning (ext4): destination with the same identifier (n
ame{equ:qweak5}) has been already used, duplicate ignored
<to be read again> 
                   \relax 
l.523 \end{frame}
                 pdfTeX warning (ext4): destination with the same identifier (n
ame{equ:qweak5}) has been already used, duplicate ignored
<to be read again> 
                   \relax 
l.523 \end{frame}
                 pdfTeX warning (ext4): destination with the same identifier (n
ame{equ:qweak3}) has been already used, duplicate ignored
<to be read again> 
                   \relax 
l.523 \end{frame}
                 pdfTeX warning (ext4): destination with the same identifier (n
ame{equ:qweak5}) has been already used, duplicate ignored
<to be read again> 
                   \relax 
l.523 \end{frame}
                 pdfTeX warning (ext4): destination with the same identifier (n
ame{equ:qweak4}) has been already used, duplicate ignored
<to be read again> 
                   \relax 
l.523 \end{frame}
                 
Overfull \vbox (40.14854pt too high) detected at line 523
 []

[11

pdfTeX warning (ext4): destination with the same identifier (name{equ:qweak51})
 has been already used, duplicate ignored

\@EveryShipout@Output ...@Org@Shipout \box \@cclv 
                                                  
l.523 \end{frame}
                 pdfTeX warning (ext4): destination with the same identifier (n
ame{equ:qweak51}) has been already used, duplicate ignored

\@EveryShipout@Output ...@Org@Shipout \box \@cclv 
                                                  
l.523 \end{frame}
                 ]
Overfull \hbox (12.08578pt too wide) detected at line 568
[][][]\OML/lmm/m/it/8 A[] \OT1/lmr/m/n/8 = [] = \OMS/lmsy/m/n/8 ^^@\OML/lmm/m/i
t/8 B[][] \OMS/lmsy/m/n/8 ^^A [] \OT1/lmr/m/n/8 = \OMS/lmsy/m/n/8 ^^@\OML/lmm/m
/it/8 B[]P[] []\OT1/lmr/m/n/8 (\OML/lmm/m/it/8 ^^^[] \OMS/lmsy/m/n/8 ^^@ \OML/l
mm/m/it/8 ^^^[]\OT1/lmr/m/n/8 )[]
 []

<figures/e-p_scattering.png, id=480, 485.1726pt x 152.2488pt>
File: figures/e-p_scattering.png Graphic file (type png)

<use figures/e-p_scattering.png>
Package pdftex.def Info: figures/e-p_scattering.png used on input line 568.
(pdftex.def)             Requested size: 113.81102pt x 35.71341pt.

<figures/transverse_diagram.png, id=482, 190.311pt x 195.129pt>
File: figures/transverse_diagram.png Graphic file (type png)

<use figures/transverse_diagram.png>
Package pdftex.def Info: figures/transverse_diagram.png used on input line 568.

(pdftex.def)             Requested size: 113.81102pt x 116.6942pt.
 [12

 <./figures/e-p_scattering.png> <./figures/transverse_diagram.png>]
Overfull \hbox (12.08578pt too wide) detected at line 568
[][]\OML/lmm/m/it/8 A[] \OT1/lmr/m/n/8 = [] = \OMS/lmsy/m/n/8 ^^@\OML/lmm/m/it/
8 B[][] \OMS/lmsy/m/n/8 ^^A [] \OT1/lmr/m/n/8 = \OMS/lmsy/m/n/8 ^^@\OML/lmm/m/i
t/8 B[]P[] []\OT1/lmr/m/n/8 (\OML/lmm/m/it/8 ^^^[] \OMS/lmsy/m/n/8 ^^@ \OML/lmm
/m/it/8 ^^^[]\OT1/lmr/m/n/8 )
 []

File: figures/e-p_scattering.png Graphic file (type png)
<use figures/e-p_scattering.png>
Package pdftex.def Info: figures/e-p_scattering.png used on input line 568.
(pdftex.def)             Requested size: 113.81102pt x 35.71341pt.
File: figures/transverse_diagram.png Graphic file (type png)
 <use figures/transverse_diagram.png>
Package pdftex.def Info: figures/transverse_diagram.png used on input line 568.

(pdftex.def)             Requested size: 113.81102pt x 116.6942pt.
 [13

]
Overfull \hbox (12.08578pt too wide) detected at line 568
[][]\OML/lmm/m/it/8 A[] \OT1/lmr/m/n/8 = [] = \OMS/lmsy/m/n/8 ^^@\OML/lmm/m/it/
8 B[][] \OMS/lmsy/m/n/8 ^^A [] \OT1/lmr/m/n/8 = \OMS/lmsy/m/n/8 ^^@\OML/lmm/m/i
t/8 B[]P[] []\OT1/lmr/m/n/8 (\OML/lmm/m/it/8 ^^^[] \OMS/lmsy/m/n/8 ^^@ \OML/lmm
/m/it/8 ^^^[]\OT1/lmr/m/n/8 )
 []

File: figures/e-p_scattering.png Graphic file (type png)
<use figures/e-p_scattering.png>
Package pdftex.def Info: figures/e-p_scattering.png used on input line 568.
(pdftex.def)             Requested size: 113.81102pt x 35.71341pt.
File: figures/transverse_diagram.png Graphic file (type png)
 <use figures/transverse_diagram.png>
Package pdftex.def Info: figures/transverse_diagram.png used on input line 568.

(pdftex.def)             Requested size: 113.81102pt x 116.6942pt.
 [14

]
Overfull \hbox (12.08578pt too wide) detected at line 568
[][]\OML/lmm/m/it/8 A[] \OT1/lmr/m/n/8 = [] = \OMS/lmsy/m/n/8 ^^@\OML/lmm/m/it/
8 B[][] \OMS/lmsy/m/n/8 ^^A [] \OT1/lmr/m/n/8 = \OMS/lmsy/m/n/8 ^^@\OML/lmm/m/i
t/8 B[]P[] []\OT1/lmr/m/n/8 (\OML/lmm/m/it/8 ^^^[] \OMS/lmsy/m/n/8 ^^@ \OML/lmm
/m/it/8 ^^^[]\OT1/lmr/m/n/8 )
 []

File: figures/e-p_scattering.png Graphic file (type png)
<use figures/e-p_scattering.png>
Package pdftex.def Info: figures/e-p_scattering.png used on input line 568.
(pdftex.def)             Requested size: 113.81102pt x 35.71341pt.
File: figures/transverse_diagram.png Graphic file (type png)
 <use figures/transverse_diagram.png>
Package pdftex.def Info: figures/transverse_diagram.png used on input line 568.

(pdftex.def)             Requested size: 113.81102pt x 116.6942pt.
 [15

]
(./nur_dnp_oct13_transverseN2Delta.toc) [16

]
<figures/qweak_schematics.png, id=624, 677.4108pt x 370.5042pt>
File: figures/qweak_schematics.png Graphic file (type png)

<use figures/qweak_schematics.png>
Package pdftex.def Info: figures/qweak_schematics.png used on input line 610.
(pdftex.def)             Requested size: 256.0748pt x 140.0581pt.

Overfull \hbox (10.24197pt too wide) in paragraph at lines 610--610
[][]  
 []

[17

 <./figures/qweak_schematics.png>]
File: figures/qweak_schematics.png Graphic file (type png)
 <use figures/qweak_schematics.png>
Package pdftex.def Info: figures/qweak_schematics.png used on input line 610.
(pdftex.def)             Requested size: 256.0748pt x 140.0581pt.

Overfull \hbox (10.24197pt too wide) in paragraph at lines 610--610
[][]  
 []

[18

]
File: figures/qweak_schematics.png Graphic file (type png)
 <use figures/qweak_schematics.png>
Package pdftex.def Info: figures/qweak_schematics.png used on input line 610.
(pdftex.def)             Requested size: 256.0748pt x 140.0581pt.

Overfull \hbox (10.24197pt too wide) in paragraph at lines 610--610
[][]  
 []

[19

] (./nur_dnp_oct13_transverseN2Delta.toc) [20

]

Package hyperref Warning: Token not allowed in a PDF string (PDFDocEncoding):
(hyperref)                removing `math shift' on input line 621.


Package hyperref Warning: Token not allowed in a PDF string (PDFDocEncoding):
(hyperref)                removing `\Delta' on input line 621.


Package hyperref Warning: Token not allowed in a PDF string (PDFDocEncoding):
(hyperref)                removing `math shift' on input line 621.

<figures/transverseN2Delta.png, id=741, 722.7pt x 542.9886pt>
File: figures/transverseN2Delta.png Graphic file (type png)

<use figures/transverseN2Delta.png>
Package pdftex.def Info: figures/transverseN2Delta.png used on input line 665.
(pdftex.def)             Requested size: 256.0748pt x 192.3936pt.

Overfull \hbox (10.24197pt too wide) in paragraph at lines 665--665
[][]  
 []


Overfull \vbox (4.08032pt too high) detected at line 665
 []

[21

 <./figures/transverseN2Delta.png>]
File: figures/transverseN2Delta.png Graphic file (type png)
 <use figures/transverseN2Delta.png>
Package pdftex.def Info: figures/transverseN2Delta.png used on input line 665.
(pdftex.def)             Requested size: 256.0748pt x 192.3936pt.

Overfull \hbox (10.24197pt too wide) in paragraph at lines 665--665
[][]  
 []


Overfull \vbox (4.08032pt too high) detected at line 665
 []

[22

]
File: figures/transverseN2Delta.png Graphic file (type png)
 <use figures/transverseN2Delta.png>
Package pdftex.def Info: figures/transverseN2Delta.png used on input line 665.
(pdftex.def)             Requested size: 256.0748pt x 192.3936pt.

Overfull \hbox (10.24197pt too wide) in paragraph at lines 665--665
[][]  
 []


Overfull \vbox (4.08032pt too high) detected at line 665
 []

[23

]

Package hyperref Warning: Token not allowed in a PDF string (PDFDocEncoding):
(hyperref)                removing `math shift' on input line 669.


Package hyperref Warning: Token not allowed in a PDF string (PDFDocEncoding):
(hyperref)                removing `\Delta' on input line 669.


Package hyperref Warning: Token not allowed in a PDF string (PDFDocEncoding):
(hyperref)                removing `math shift' on input line 669.


<figures/n-to-delta_6700_combined_transverse_h_transverse_MD_HYDROGEN-CELL_regr
ession_Barsum_off_slug_summary_plots_on_5+1.png, id=815, 1200.485pt x 624.3325p
t>
File: figures/n-to-delta_6700_combined_transverse_h_transverse_MD_HYDROGEN-CELL
_regression_Barsum_off_slug_summary_plots_on_5+1.png Graphic file (type png)

<use figures/n-to-delta_6700_combined_transverse_h_transverse_MD_HYDROGEN-CELL_
regression_Barsum_off_slug_summary_plots_on_5+1.png>
Package pdftex.def Info: figures/n-to-delta_6700_combined_transverse_h_transver
se_MD_HYDROGEN-CELL_regression_Barsum_off_slug_summary_plots_on_5+1.png used on
 input line 691.
(pdftex.def)             Requested size: 256.0748pt x 133.17142pt.

Overfull \hbox (10.24197pt too wide) in paragraph at lines 691--691
[][]  
 []

[24

 <./figures/n-to-delta_6700_combined_transverse_h_transverse_MD_HYDROGEN-CELL_r
egression_Barsum_off_slug_summary_plots_on_5+1.png>]
File: figures/n-to-delta_6700_combined_transverse_h_transverse_MD_HYDROGEN-CELL
_regression_Barsum_off_slug_summary_plots_on_5+1.png Graphic file (type png)

<use figures/n-to-delta_6700_combined_transverse_h_transverse_MD_HYDROGEN-CELL_
regression_Barsum_off_slug_summary_plots_on_5+1.png>
Package pdftex.def Info: figures/n-to-delta_6700_combined_transverse_h_transver
se_MD_HYDROGEN-CELL_regression_Barsum_off_slug_summary_plots_on_5+1.png used on
 input line 691.
(pdftex.def)             Requested size: 256.0748pt x 133.17142pt.

Overfull \hbox (10.24197pt too wide) in paragraph at lines 691--691
[][]  
 []

[25

]
File: figures/n-to-delta_6700_combined_transverse_h_transverse_MD_HYDROGEN-CELL
_regression_Barsum_off_slug_summary_plots_on_5+1.png Graphic file (type png)

<use figures/n-to-delta_6700_combined_transverse_h_transverse_MD_HYDROGEN-CELL_
regression_Barsum_off_slug_summary_plots_on_5+1.png>
Package pdftex.def Info: figures/n-to-delta_6700_combined_transverse_h_transver
se_MD_HYDROGEN-CELL_regression_Barsum_off_slug_summary_plots_on_5+1.png used on
 input line 691.
(pdftex.def)             Requested size: 256.0748pt x 133.17142pt.

Overfull \hbox (10.24197pt too wide) in paragraph at lines 691--691
[][]  
 []

[26

]
<figures/n-to-delta_6700_HYDROGEN-CELL_MD_Error_Chart_run2_pass5.png, id=889, 1
110.1475pt x 968.61874pt>
File: figures/n-to-delta_6700_HYDROGEN-CELL_MD_Error_Chart_run2_pass5.png Graph
ic file (type png)

<use figures/n-to-delta_6700_HYDROGEN-CELL_MD_Error_Chart_run2_pass5.png>
Package pdftex.def Info: figures/n-to-delta_6700_HYDROGEN-CELL_MD_Error_Chart_r
un2_pass5.png used on input line 751.
(pdftex.def)             Requested size: 256.0748pt x 157.79695pt.

Overfull \hbox (10.24197pt too wide) in paragraph at lines 751--751
[][]  
 []

[27

 <./figures/n-to-delta_6700_HYDROGEN-CELL_MD_Error_Chart_run2_pass5.png>]
File: figures/n-to-delta_6700_HYDROGEN-CELL_MD_Error_Chart_run2_pass5.png Graph
ic file (type png)

<use figures/n-to-delta_6700_HYDROGEN-CELL_MD_Error_Chart_run2_pass5.png>
Package pdftex.def Info: figures/n-to-delta_6700_HYDROGEN-CELL_MD_Error_Chart_r
un2_pass5.png used on input line 751.
(pdftex.def)             Requested size: 256.0748pt x 157.79695pt.

Overfull \hbox (10.24197pt too wide) in paragraph at lines 751--751
[][]  
 []

[28

]
File: figures/n-to-delta_6700_HYDROGEN-CELL_MD_Error_Chart_run2_pass5.png Graph
ic file (type png)
 <use figures/n-to-delta_6700_HYDROGEN-CELL_MD_Error_Chart_run2_pass5.png>
Package pdftex.def Info: figures/n-to-delta_6700_HYDROGEN-CELL_MD_Error_Chart_r
un2_pass5.png used on input line 751.
(pdftex.def)             Requested size: 256.0748pt x 157.79695pt.

Overfull \hbox (10.24197pt too wide) in paragraph at lines 751--751
[][]  
 []

[29

] (./nur_dnp_oct13_transverseN2Delta.toc) [30

] [31

] [32

] [33

] [34

] [35

]
[36

]

LaTeX Warning: Citation `website:elog_adesh' on page 37 undefined on input line
 827.


LaTeX Warning: Citation `buddhini_transverse_technote' on page 37 undefined on 
input line 829.


LaTeX Warning: Citation `buddhini_transverse_technote' on page 37 undefined on 
input line 831.


LaTeX Warning: Citation `buddhini_transverse_technote' on page 37 undefined on 
input line 833.


Overfull \hbox (18.69188pt too wide) in paragraph at lines 823--837
 [] 
 []


LaTeX Warning: Citation `buddhini_transverse_technote' on page 37 undefined on 
input line 859.


LaTeX Warning: Citation `buddhini_transverse_technote' on page 37 undefined on 
input line 867.


LaTeX Warning: Citation `buddhini_transverse_technote' on page 37 undefined on 
input line 871.


LaTeX Warning: Citation `buddhini_transverse_technote' on page 37 undefined on 
input line 875.


Overfull \hbox (54.32864pt too wide) in paragraph at lines 853--887
 [] 
 []

(./nur_dnp_oct13_transverseN2Delta.toc)
Underfull \vbox (badness 10000) has occurred while \output is active []

 [37

]
[38pdfTeX warning (ext4): destination with the same identifier (name{tabPhysics
AsymInput}) has been already used, duplicate ignored

\@EveryShipout@Output ...@Org@Shipout \box \@cclv 
                                                  
l.900 \section{\scshape Summary}
                                ] [39

] [40

]

Package hyperref Warning: Token not allowed in a PDF string (PDFDocEncoding):
(hyperref)                removing `\translate ' on input line 938.

(./nur_dnp_oct13_transverseN2Delta.toc) [41

] [42

]
(./nur_dnp_oct13_transverseN2Delta.toc) [43

] [44

]pdfTeX warning (ext4): destination with the same identifier (name{equ:qweak6})
 has been already used, duplicate ignored
<to be read again> 
                   \relax 
l.998 \end{frame}
                  [45

] [46

] [47

] [48

] (./nur_dnp_oct13_transverseN2Delta.toc)
[49

] [50

]
File: figures/transverseN2Delta.png Graphic file (type png)
 <use figures/transverseN2Delta.png>
Package pdftex.def Info: figures/transverseN2Delta.png used on input line 1057.

(pdftex.def)             Requested size: 142.26378pt x 106.889pt.
 [51

]
File: figures/transverseN2Delta.png Graphic file (type png)

<use figures/transverseN2Delta.png>
Package pdftex.def Info: figures/transverseN2Delta.png used on input line 1057.

(pdftex.def)             Requested size: 142.26378pt x 106.889pt.
 [52

]
File: figures/transverseN2Delta.png Graphic file (type png)
 <use figures/transverseN2Delta.png>
Package pdftex.def Info: figures/transverseN2Delta.png used on input line 1057.

(pdftex.def)             Requested size: 142.26378pt x 106.889pt.

[53

]
File: figures/transverseN2Delta.png Graphic file (type png)
 <use figures/transverseN2Delta.png>
Package pdftex.def Info: figures/transverseN2Delta.png used on input line 1057.

(pdftex.def)             Requested size: 142.26378pt x 106.889pt.
 [54

]
(./nur_dnp_oct13_transverseN2Delta.toc) [55

]pdfTeX warning (ext4): destination with the same identifier (name{equ:qweak1})
 has been already used, duplicate ignored
<to be read again> 
                   \relax 
l.1085 \end{frame}
                  pdfTeX warning (ext4): destination with the same identifier (
name{equ:qweak2}) has been already used, duplicate ignored
<to be read again> 
                   \relax 
l.1085 \end{frame}
                  
LaTeX Font Info:    External font `lmex10' loaded for size
(Font)              <10> on input line 1085.
 [56

]pdfTeX warning (ext4): destination with the same identifier (name{equ:qweak3})
 has been already used, duplicate ignored
<to be read again> 
                   \relax 
l.1113 \end{frame}
                  pdfTeX warning (ext4): destination with the same identifier (
name{equ:qweak5}) has been already used, duplicate ignored
<to be read again> 
                   \relax 
l.1113 \end{frame}
                  pdfTeX warning (ext4): destination with the same identifier (
name{equ:qweak4}) has been already used, duplicate ignored
<to be read again> 
                   \relax 
l.1113 \end{frame}
                  pdfTeX warning (ext4): destination with the same identifier (
name{equ:qweak6}) has been already used, duplicate ignored
<to be read again> 
                   \relax 
l.1113 \end{frame}
                   [57

]pdfTeX warning (ext4): destination with the same identifier (name{equ:qweak6})
 has been already used, duplicate ignored
<to be read again> 
                   \relax 
l.1175 \end{frame}
                   [58

] [59

]pdfTeX warning (ext4): destination with the same identifier (name{equ:eqPhysic
sAsymmetry211}) has been already used, duplicate ignored
<to be read again> 
                   \relax 
l.1235 \end{frame}
                  
Overfull \vbox (110.58305pt too high) detected at line 1235
 []

[60

]
Overfull \vbox (110.58305pt too high) detected at line 1235
 []

[61

]
Overfull \hbox (17.02975pt too wide) detected at line 1255
[][][]\OT1/lmr/m/n/6 (\OML/lmm/m/it/6 dA[]\OT1/lmr/m/n/6 )[] = \OML/lmm/m/it/6 
R[]R[]df[] []
 []


Overfull \hbox (17.02975pt too wide) detected at line 1255
[][][]\OT1/lmr/m/n/6 (\OML/lmm/m/it/6 dA[]\OT1/lmr/m/n/6 )[] = \OML/lmm/m/it/6 
R[]R[]df[] []
 []


Overfull \hbox (17.02975pt too wide) detected at line 1255
[][][]\OT1/lmr/m/n/6 (\OML/lmm/m/it/6 dA[]\OT1/lmr/m/n/6 )[] = \OML/lmm/m/it/6 
R[]R[]df[] []
 []


Overfull \hbox (17.02975pt too wide) detected at line 1255
[][][]\OT1/lmr/m/n/6 (\OML/lmm/m/it/6 dA[]\OT1/lmr/m/n/6 )[] = \OML/lmm/m/it/6 
R[]R[]df[] []
 []

[62

] (./nur_dnp_oct13_transverseN2Delta.toc) [63

] [64

] [65

]
Package atenddvi Info: Last page = 66.
 [66

]
\tf@nav=\write9
\openout9 = `nur_dnp_oct13_transverseN2Delta.nav'.

\tf@toc=\write10
\openout10 = `nur_dnp_oct13_transverseN2Delta.toc'.

\tf@snm=\write11
\openout11 = `nur_dnp_oct13_transverseN2Delta.snm'.

Package atveryend Info: Empty hook `BeforeClearDocument' on input line 1362.
Package atveryend Info: Executing hook `AfterLastShipout' on input line 1362.

(./nur_dnp_oct13_transverseN2Delta.aux)
Package atveryend Info: Executing hook `AtVeryEndDocument' on input line 1362.
Package atveryend Info: Executing hook `AtEndAfterFileList' on input line 1362.

Package rerunfilecheck Info: File `nur_dnp_oct13_transverseN2Delta.out' has not
 changed.
(rerunfilecheck)             Checksum: 9397B48871F144B06FE9558E02F70BCC;1719.


LaTeX Warning: There were undefined references.


LaTeX Warning: There were multiply-defined labels.

Package atveryend Info: Empty hook `AtVeryVeryEnd' on input line 1362.
 ) 
Here is how much of TeX's memory you used:
 33423 strings out of 493089
 698664 string characters out of 6134842
 923485 words of memory out of 5000000
 36022 multiletter control sequences out of 15000+600000
 53746 words of font info for 64 fonts, out of 8000000 for 9000
 1141 hyphenation exceptions out of 8191
 56i,19n,75p,10442b,784s stack positions out of 5000i,500n,10000p,200000b,80000s
{/usr/local/texlive/2015/texmf-dist/fonts/enc/dvips/lm/lm-mathsy.enc}{/usr/lo
cal/texlive/2015/texmf-dist/fonts/enc/dvips/lm/lm-mathit.enc}{/usr/local/texliv
e/2015/texmf-dist/fonts/enc/dvips/lm/lm-rm.enc}{/usr/local/texlive/2015/texmf-d
ist/fonts/enc/dvips/lm/lm-mathex.enc}{/usr/local/texlive/2015/texmf-dist/fonts/
enc/dvips/lm/lm-rmsc.enc}{/usr/local/texlive/2015/texmf-dist/fonts/enc/dvips/lm
/lm-rmtt.enc}</usr/local/texlive/2015/texmf-dist/fonts/type1/public/lm/lmbx6.pf
b></usr/local/texlive/2015/texmf-dist/fonts/type1/public/lm/lmcsc10.pfb></usr/l
ocal/texlive/2015/texmf-dist/fonts/type1/public/lm/lmex10.pfb></usr/local/texli
ve/2015/texmf-dist/fonts/type1/public/lm/lmmi10.pfb></usr/local/texlive/2015/te
xmf-dist/fonts/type1/public/lm/lmmi5.pfb></usr/local/texlive/2015/texmf-dist/fo
nts/type1/public/lm/lmmi6.pfb></usr/local/texlive/2015/texmf-dist/fonts/type1/p
ublic/lm/lmmi7.pfb></usr/local/texlive/2015/texmf-dist/fonts/type1/public/lm/lm
mi8.pfb></usr/local/texlive/2015/texmf-dist/fonts/type1/public/lm/lmr10.pfb></u
sr/local/texlive/2015/texmf-dist/fonts/type1/public/lm/lmr17.pfb></usr/local/te
xlive/2015/texmf-dist/fonts/type1/public/lm/lmr5.pfb></usr/local/texlive/2015/t
exmf-dist/fonts/type1/public/lm/lmr6.pfb></usr/local/texlive/2015/texmf-dist/fo
nts/type1/public/lm/lmr7.pfb></usr/local/texlive/2015/texmf-dist/fonts/type1/pu
blic/lm/lmr8.pfb></usr/local/texlive/2015/texmf-dist/fonts/type1/public/lm/lmsy
10.pfb></usr/local/texlive/2015/texmf-dist/fonts/type1/public/lm/lmsy5.pfb></us
r/local/texlive/2015/texmf-dist/fonts/type1/public/lm/lmsy6.pfb></usr/local/tex
live/2015/texmf-dist/fonts/type1/public/lm/lmsy7.pfb></usr/local/texlive/2015/t
exmf-dist/fonts/type1/public/lm/lmsy8.pfb></usr/local/texlive/2015/texmf-dist/f
onts/type1/public/lm/lmtt8.pfb></usr/local/texlive/2015/texmf-dist/fonts/type1/
public/amsfonts/symbols/msam5.pfb>
Output written on nur_dnp_oct13_transverseN2Delta.pdf (66 pages, 1487143 bytes)
.
PDF statistics:
 2001 PDF objects out of 2073 (max. 8388607)
 1851 compressed objects within 19 object streams
 198 named destinations out of 1000 (max. 500000)
 337 words of extra memory for PDF output out of 10000 (max. 10000000)

